found!!!!!!!!!!!!!!!!!!!
0.41776
1436893202
found!!!!!!!!!!!!!!!!!!!
0.41776
1436893202
found!!!!!!!!!!!!!!!!!!!
0.41776
1436896803
found!!!!!!!!!!!!!!!!!!!
0.41776
1436896803
found!!!!!!!!!!!!!!!!!!!
0.5788
1437206402
found!!!!!!!!!!!!!!!!!!!
0.5788
1438909202
found!!!!!!!!!!!!!!!!!!!
0.5788
1438912802
found!!!!!!!!!!!!!!!!!!!
0.66536
1438916402
found!!!!!!!!!!!!!!!!!!!
0.5788
1438916402
found!!!!!!!!!!!!!!!!!!!
0.66536
1438920002
found!!!!!!!!!!!!!!!!!!!
0.5788
1438920002
found!!!!!!!!!!!!!!!!!!!
0.66536
1438923601
found!!!!!!!!!!!!!!!!!!!
0.5788
1438923601
found!!!!!!!!!!!!!!!!!!!
0.66536
1438927202
found!!!!!!!!!!!!!!!!!!!
0.5788
1438927202
found!!!!!!!!!!!!!!!!!!!
0.66536
1438930802
found!!!!!!!!!!!!!!!!!!!
0.5788
1438930802
found!!!!!!!!!!!!!!!!!!!
0.66536
1438934403
found!!!!!!!!!!!!!!!!!!!
0.5788
1438934403
found!!!!!!!!!!!!!!!!!!!
0.66536
1438938002
found!!!!!!!!!!!!!!!!!!!
0.5788
1438938002
found!!!!!!!!!!!!!!!!!!!
0.66536
1438941602
found!!!!!!!!!!!!!!!!!!!
1.05951
1439078402
found!!!!!!!!!!!!!!!!!!!
1.16936
1439269202
found!!!!!!!!!!!!!!!!!!!
2.25879
1439269202
found!!!!!!!!!!!!!!!!!!!
1.03885
1439269202
found!!!!!!!!!!!!!!!!!!!
2.25879
1439269202
found!!!!!!!!!!!!!!!!!!!
1.16936
1439272802
found!!!!!!!!!!!!!!!!!!!
2.25879
1439272802
found!!!!!!!!!!!!!!!!!!!
1.03885
1439272802
found!!!!!!!!!!!!!!!!!!!
2.25879
1439272802
found!!!!!!!!!!!!!!!!!!!
1.16936
1439276402
found!!!!!!!!!!!!!!!!!!!
2.25879
1439276402
found!!!!!!!!!!!!!!!!!!!
1.03885
1439276402
found!!!!!!!!!!!!!!!!!!!
2.25879
1439276402
found!!!!!!!!!!!!!!!!!!!
1.16936
1439280001
found!!!!!!!!!!!!!!!!!!!
2.25879
1439280001
found!!!!!!!!!!!!!!!!!!!
1.03885
1439280001
found!!!!!!!!!!!!!!!!!!!
2.25879
1439280001
found!!!!!!!!!!!!!!!!!!!
1.16936
1439283602
found!!!!!!!!!!!!!!!!!!!
2.25879
1439283602
found!!!!!!!!!!!!!!!!!!!
1.03885
1439283602
found!!!!!!!!!!!!!!!!!!!
2.25879
1439283602
found!!!!!!!!!!!!!!!!!!!
1.16936
1439287202
found!!!!!!!!!!!!!!!!!!!
2.25879
1439287202
found!!!!!!!!!!!!!!!!!!!
1.03885
1439287202
found!!!!!!!!!!!!!!!!!!!
2.25879
1439287202
found!!!!!!!!!!!!!!!!!!!
1.16936
1439290802
found!!!!!!!!!!!!!!!!!!!
2.25879
1439290802
found!!!!!!!!!!!!!!!!!!!
1.03885
1439290802
found!!!!!!!!!!!!!!!!!!!
2.25879
1439290802
found!!!!!!!!!!!!!!!!!!!
1.16936
1439294402
found!!!!!!!!!!!!!!!!!!!
2.25879
1439294402
found!!!!!!!!!!!!!!!!!!!
1.03885
1439294402
found!!!!!!!!!!!!!!!!!!!
2.25879
1439294402
found!!!!!!!!!!!!!!!!!!!
1.16936
1439298002
found!!!!!!!!!!!!!!!!!!!
2.25879
1439298002
found!!!!!!!!!!!!!!!!!!!
1.03885
1439298002
found!!!!!!!!!!!!!!!!!!!
2.25879
1439298002
found!!!!!!!!!!!!!!!!!!!
1.16936
1439301610
found!!!!!!!!!!!!!!!!!!!
2.25879
1439301610
found!!!!!!!!!!!!!!!!!!!
1.03885
1439301610
found!!!!!!!!!!!!!!!!!!!
2.25879
1439301610
found!!!!!!!!!!!!!!!!!!!
1.16936
1439305202
found!!!!!!!!!!!!!!!!!!!
2.25879
1439305202
found!!!!!!!!!!!!!!!!!!!
1.03885
1439305202
found!!!!!!!!!!!!!!!!!!!
2.25879
1439305202
found!!!!!!!!!!!!!!!!!!!
1.16936
1439308803
found!!!!!!!!!!!!!!!!!!!
2.25879
1439308803
found!!!!!!!!!!!!!!!!!!!
1.03885
1439308803
found!!!!!!!!!!!!!!!!!!!
2.25879
1439308803
found!!!!!!!!!!!!!!!!!!!
1.16936
1439312403
found!!!!!!!!!!!!!!!!!!!
2.25879
1439312403
found!!!!!!!!!!!!!!!!!!!
1.03885
1439312403
found!!!!!!!!!!!!!!!!!!!
2.25879
1439312403
found!!!!!!!!!!!!!!!!!!!
1.16936
1439316002
found!!!!!!!!!!!!!!!!!!!
2.25879
1439316002
found!!!!!!!!!!!!!!!!!!!
1.03885
1439316002
found!!!!!!!!!!!!!!!!!!!
2.25879
1439316002
found!!!!!!!!!!!!!!!!!!!
1.16936
1439319602
found!!!!!!!!!!!!!!!!!!!
2.25879
1439319602
found!!!!!!!!!!!!!!!!!!!
1.03885
1439319602
found!!!!!!!!!!!!!!!!!!!
2.25879
1439319602
found!!!!!!!!!!!!!!!!!!!
1.16936
1439323202
found!!!!!!!!!!!!!!!!!!!
2.25879
1439323202
found!!!!!!!!!!!!!!!!!!!
1.03885
1439323202
found!!!!!!!!!!!!!!!!!!!
2.25879
1439323202
found!!!!!!!!!!!!!!!!!!!
1.16936
1439326808
found!!!!!!!!!!!!!!!!!!!
2.25879
1439326808
found!!!!!!!!!!!!!!!!!!!
1.03885
1439326808
found!!!!!!!!!!!!!!!!!!!
2.25879
1439326808
found!!!!!!!!!!!!!!!!!!!
1.16936
1439330407
found!!!!!!!!!!!!!!!!!!!
2.25879
1439330407
found!!!!!!!!!!!!!!!!!!!
1.03885
1439330407
found!!!!!!!!!!!!!!!!!!!
2.25879
1439330407
found!!!!!!!!!!!!!!!!!!!
1.16936
1439334003
found!!!!!!!!!!!!!!!!!!!
2.25879
1439334003
found!!!!!!!!!!!!!!!!!!!
1.03885
1439334003
found!!!!!!!!!!!!!!!!!!!
2.25879
1439334003
found!!!!!!!!!!!!!!!!!!!
1.16936
1439337602
found!!!!!!!!!!!!!!!!!!!
2.25879
1439337602
found!!!!!!!!!!!!!!!!!!!
1.03885
1439337602
found!!!!!!!!!!!!!!!!!!!
2.25879
1439337602
found!!!!!!!!!!!!!!!!!!!
1.16936
1439341203
found!!!!!!!!!!!!!!!!!!!
0.78324
1439341203
found!!!!!!!!!!!!!!!!!!!
2.25879
1439341203
found!!!!!!!!!!!!!!!!!!!
1.03885
1439341203
found!!!!!!!!!!!!!!!!!!!
2.25879
1439341203
found!!!!!!!!!!!!!!!!!!!
1.16936
1439344802
found!!!!!!!!!!!!!!!!!!!
2.25879
1439344802
found!!!!!!!!!!!!!!!!!!!
1.03885
1439344802
found!!!!!!!!!!!!!!!!!!!
2.25879
1439344802
found!!!!!!!!!!!!!!!!!!!
1.16936
1439348402
found!!!!!!!!!!!!!!!!!!!
2.25879
1439348402
found!!!!!!!!!!!!!!!!!!!
1.03885
1439348402
found!!!!!!!!!!!!!!!!!!!
2.25879
1439348402
found!!!!!!!!!!!!!!!!!!!
1.16936
1439350802
found!!!!!!!!!!!!!!!!!!!
2.25879
1439350802
found!!!!!!!!!!!!!!!!!!!
1.03885
1439350802
found!!!!!!!!!!!!!!!!!!!
2.25879
1439350802
found!!!!!!!!!!!!!!!!!!!
1.16936
1439355602
found!!!!!!!!!!!!!!!!!!!
2.25879
1439355602
found!!!!!!!!!!!!!!!!!!!
1.03885
1439355602
found!!!!!!!!!!!!!!!!!!!
2.25879
1439355602
found!!!!!!!!!!!!!!!!!!!
1.16936
1439359202
found!!!!!!!!!!!!!!!!!!!
2.25879
1439359202
found!!!!!!!!!!!!!!!!!!!
1.03885
1439359202
found!!!!!!!!!!!!!!!!!!!
2.25879
1439359202
found!!!!!!!!!!!!!!!!!!!
1.16936
1439362802
found!!!!!!!!!!!!!!!!!!!
2.25879
1439362802
found!!!!!!!!!!!!!!!!!!!
1.03885
1439362802
found!!!!!!!!!!!!!!!!!!!
2.25879
1439362802
found!!!!!!!!!!!!!!!!!!!
1.16936
1439366402
found!!!!!!!!!!!!!!!!!!!
2.25879
1439366402
found!!!!!!!!!!!!!!!!!!!
1.03885
1439366402
found!!!!!!!!!!!!!!!!!!!
2.25879
1439366402
found!!!!!!!!!!!!!!!!!!!
1.16936
1439370002
found!!!!!!!!!!!!!!!!!!!
2.25879
1439370002
found!!!!!!!!!!!!!!!!!!!
1.03885
1439370002
found!!!!!!!!!!!!!!!!!!!
2.25879
1439370002
found!!!!!!!!!!!!!!!!!!!
1.16936
1439373602
found!!!!!!!!!!!!!!!!!!!
2.25879
1439373602
found!!!!!!!!!!!!!!!!!!!
1.03885
1439373602
found!!!!!!!!!!!!!!!!!!!
2.25879
1439373602
found!!!!!!!!!!!!!!!!!!!
1.16936
1439377202
found!!!!!!!!!!!!!!!!!!!
2.25879
1439377202
found!!!!!!!!!!!!!!!!!!!
1.03885
1439377202
found!!!!!!!!!!!!!!!!!!!
2.25879
1439377202
found!!!!!!!!!!!!!!!!!!!
1.16936
1439380802
found!!!!!!!!!!!!!!!!!!!
2.25879
1439380802
found!!!!!!!!!!!!!!!!!!!
1.03885
1439380802
found!!!!!!!!!!!!!!!!!!!
2.25879
1439380802
found!!!!!!!!!!!!!!!!!!!
1.16936
1439384402
found!!!!!!!!!!!!!!!!!!!
2.25879
1439384402
found!!!!!!!!!!!!!!!!!!!
1.03885
1439384402
found!!!!!!!!!!!!!!!!!!!
2.25879
1439384402
found!!!!!!!!!!!!!!!!!!!
1.16936
1439388002
found!!!!!!!!!!!!!!!!!!!
2.25879
1439388002
found!!!!!!!!!!!!!!!!!!!
1.03885
1439388002
found!!!!!!!!!!!!!!!!!!!
2.25879
1439388002
found!!!!!!!!!!!!!!!!!!!
1.16936
1439391602
found!!!!!!!!!!!!!!!!!!!
2.25879
1439391602
found!!!!!!!!!!!!!!!!!!!
1.03885
1439391602
found!!!!!!!!!!!!!!!!!!!
2.25879
1439391602
found!!!!!!!!!!!!!!!!!!!
1.16936
1439395202
found!!!!!!!!!!!!!!!!!!!
2.25879
1439395202
found!!!!!!!!!!!!!!!!!!!
1.03885
1439395202
found!!!!!!!!!!!!!!!!!!!
2.25879
1439395202
found!!!!!!!!!!!!!!!!!!!
1.16936
1439398802
found!!!!!!!!!!!!!!!!!!!
2.25879
1439398802
found!!!!!!!!!!!!!!!!!!!
1.03885
1439398802
found!!!!!!!!!!!!!!!!!!!
2.25879
1439398802
found!!!!!!!!!!!!!!!!!!!
1.16936
1439402402
found!!!!!!!!!!!!!!!!!!!
2.25879
1439402402
found!!!!!!!!!!!!!!!!!!!
1.03885
1439402402
found!!!!!!!!!!!!!!!!!!!
2.25879
1439402402
found!!!!!!!!!!!!!!!!!!!
1.16936
1439406002
found!!!!!!!!!!!!!!!!!!!
2.25879
1439406002
found!!!!!!!!!!!!!!!!!!!
1.03885
1439406002
found!!!!!!!!!!!!!!!!!!!
2.25879
1439406002
found!!!!!!!!!!!!!!!!!!!
1.16936
1439409602
found!!!!!!!!!!!!!!!!!!!
2.25879
1439409602
found!!!!!!!!!!!!!!!!!!!
1.03885
1439409602
found!!!!!!!!!!!!!!!!!!!
2.25879
1439409602
found!!!!!!!!!!!!!!!!!!!
1.16936
1439413202
found!!!!!!!!!!!!!!!!!!!
2.25879
1439413202
found!!!!!!!!!!!!!!!!!!!
1.03885
1439413202
found!!!!!!!!!!!!!!!!!!!
2.25879
1439413202
found!!!!!!!!!!!!!!!!!!!
1.16936
1439416802
found!!!!!!!!!!!!!!!!!!!
2.25879
1439416802
found!!!!!!!!!!!!!!!!!!!
1.03885
1439416802
found!!!!!!!!!!!!!!!!!!!
2.25879
1439416802
found!!!!!!!!!!!!!!!!!!!
1.42748
1441015202
found!!!!!!!!!!!!!!!!!!!
1.42748
1441018802
found!!!!!!!!!!!!!!!!!!!
1.42748
1441022402
found!!!!!!!!!!!!!!!!!!!
0.66536
1443243602
found!!!!!!!!!!!!!!!!!!!
0.66536
1443247202
found!!!!!!!!!!!!!!!!!!!
1.94644
1434052802
found!!!!!!!!!!!!!!!!!!!
1.26175
1435312802
found!!!!!!!!!!!!!!!!!!!
1.26175
1435316403
found!!!!!!!!!!!!!!!!!!!
1.26175
1435320004
found!!!!!!!!!!!!!!!!!!!
1.45801
1435694403
found!!!!!!!!!!!!!!!!!!!
1.45801
1435698002
found!!!!!!!!!!!!!!!!!!!
1.45801
1435701603
found!!!!!!!!!!!!!!!!!!!
0.79105
1439953202
found!!!!!!!!!!!!!!!!!!!
0.79105
1439956803
found!!!!!!!!!!!!!!!!!!!
0.79105
1439960402
found!!!!!!!!!!!!!!!!!!!
0.79105
1439964002
found!!!!!!!!!!!!!!!!!!!
0.79105
1439967602
found!!!!!!!!!!!!!!!!!!!
0.79105
1439971203
found!!!!!!!!!!!!!!!!!!!
0.79105
1439974802
found!!!!!!!!!!!!!!!!!!!
0.79105
1439978402
found!!!!!!!!!!!!!!!!!!!
1.65197
1440543602
found!!!!!!!!!!!!!!!!!!!
5.30822
1440831602
found!!!!!!!!!!!!!!!!!!!
5.30822
1440835202
found!!!!!!!!!!!!!!!!!!!
1.42748
1441015202
found!!!!!!!!!!!!!!!!!!!
1.42748
1441018802
found!!!!!!!!!!!!!!!!!!!
1.42748
1441022402
found!!!!!!!!!!!!!!!!!!!
1.82976
1442361602
found!!!!!!!!!!!!!!!!!!!
0.47681
1443250802
found!!!!!!!!!!!!!!!!!!!
0.47681
1443254402
found!!!!!!!!!!!!!!!!!!!
0.47681
1443258002
found!!!!!!!!!!!!!!!!!!!
0.47681
1443261602
found!!!!!!!!!!!!!!!!!!!
1.07234
1446530403
found!!!!!!!!!!!!!!!!!!!
1.07234
1446534002
found!!!!!!!!!!!!!!!!!!!
1.07234
1446537603
found!!!!!!!!!!!!!!!!!!!
1.07234
1446541202
found!!!!!!!!!!!!!!!!!!!
1.07234
1446544802
found!!!!!!!!!!!!!!!!!!!
0.92247
1446699604
found!!!!!!!!!!!!!!!!!!!
0.5503
1446699604
found!!!!!!!!!!!!!!!!!!!
1.2847
1446699604
found!!!!!!!!!!!!!!!!!!!
0.92247
1446703202
found!!!!!!!!!!!!!!!!!!!
0.5503
1446703202
found!!!!!!!!!!!!!!!!!!!
1.2847
1446703202
found!!!!!!!!!!!!!!!!!!!
0.92247
1446706802
found!!!!!!!!!!!!!!!!!!!
0.5503
1446706802
found!!!!!!!!!!!!!!!!!!!
1.2847
1446706802
found!!!!!!!!!!!!!!!!!!!
0.92247
1446710403
found!!!!!!!!!!!!!!!!!!!
0.5503
1446710403
found!!!!!!!!!!!!!!!!!!!
1.2847
1446710403
found!!!!!!!!!!!!!!!!!!!
0.92247
1446714002
found!!!!!!!!!!!!!!!!!!!
0.5503
1446714002
found!!!!!!!!!!!!!!!!!!!
1.2847
1446714002
found!!!!!!!!!!!!!!!!!!!
0.92247
1446717603
found!!!!!!!!!!!!!!!!!!!
0.5503
1446717603
found!!!!!!!!!!!!!!!!!!!
1.2847
1446717603
found!!!!!!!!!!!!!!!!!!!
1.05016
1447740002
found!!!!!!!!!!!!!!!!!!!
1.05016
1447743603
found!!!!!!!!!!!!!!!!!!!
1.05016
1447747207
found!!!!!!!!!!!!!!!!!!!
1.05016
1447750803
found!!!!!!!!!!!!!!!!!!!
1.05016
1447754402
found!!!!!!!!!!!!!!!!!!!
1.05016
1447826407
found!!!!!!!!!!!!!!!!!!!
1.05016
1447830003
found!!!!!!!!!!!!!!!!!!!
1.05016
1447833603
found!!!!!!!!!!!!!!!!!!!
1.05016
1447837202
found!!!!!!!!!!!!!!!!!!!
1.05016
1447840807
found!!!!!!!!!!!!!!!!!!!
1.05016
1447912803
found!!!!!!!!!!!!!!!!!!!
1.05016
1447916402
found!!!!!!!!!!!!!!!!!!!
1.05016
1447920002
found!!!!!!!!!!!!!!!!!!!
1.05016
1447923602
found!!!!!!!!!!!!!!!!!!!
1.05016
1447927202
found!!!!!!!!!!!!!!!!!!!
1.05016
1447999203
found!!!!!!!!!!!!!!!!!!!
1.05016
1448002802
found!!!!!!!!!!!!!!!!!!!
1.05016
1448006402
found!!!!!!!!!!!!!!!!!!!
1.05016
1448010003
found!!!!!!!!!!!!!!!!!!!
1.05016
1448013603
found!!!!!!!!!!!!!!!!!!!
1.05016
1448085602
found!!!!!!!!!!!!!!!!!!!
1.05016
1448089202
found!!!!!!!!!!!!!!!!!!!
1.05016
1448092803
found!!!!!!!!!!!!!!!!!!!
1.05016
1448096402
found!!!!!!!!!!!!!!!!!!!
1.05016
1448100002
found!!!!!!!!!!!!!!!!!!!
1.05016
1448942407
found!!!!!!!!!!!!!!!!!!!
1.05016
1448946002
found!!!!!!!!!!!!!!!!!!!
1.05016
1448949602
found!!!!!!!!!!!!!!!!!!!
1.05016
1448953207
found!!!!!!!!!!!!!!!!!!!
1.05016
1448956803
found!!!!!!!!!!!!!!!!!!!
1.05016
1448960403
found!!!!!!!!!!!!!!!!!!!
1.05016
1448964003
found!!!!!!!!!!!!!!!!!!!
1.05016
1449028802
found!!!!!!!!!!!!!!!!!!!
0.9117
1449028802
found!!!!!!!!!!!!!!!!!!!
1.04851
1449028802
found!!!!!!!!!!!!!!!!!!!
1.05016
1449032402
found!!!!!!!!!!!!!!!!!!!
0.9117
1449032402
found!!!!!!!!!!!!!!!!!!!
1.04851
1449032402
found!!!!!!!!!!!!!!!!!!!
1.05016
1449036002
found!!!!!!!!!!!!!!!!!!!
0.9117
1449036002
found!!!!!!!!!!!!!!!!!!!
1.04851
1449036002
found!!!!!!!!!!!!!!!!!!!
1.05016
1449039602
found!!!!!!!!!!!!!!!!!!!
0.9117
1449039602
found!!!!!!!!!!!!!!!!!!!
1.04851
1449039602
found!!!!!!!!!!!!!!!!!!!
1.05016
1449043202
found!!!!!!!!!!!!!!!!!!!
0.9117
1449043202
found!!!!!!!!!!!!!!!!!!!
1.04851
1449043202
found!!!!!!!!!!!!!!!!!!!
1.05016
1449046802
found!!!!!!!!!!!!!!!!!!!
0.9117
1449046802
found!!!!!!!!!!!!!!!!!!!
1.04851
1449046802
found!!!!!!!!!!!!!!!!!!!
1.05016
1449050402
found!!!!!!!!!!!!!!!!!!!
1.05016
1449115202
found!!!!!!!!!!!!!!!!!!!
1.05016
1449118802
found!!!!!!!!!!!!!!!!!!!
1.07234
1449122402
found!!!!!!!!!!!!!!!!!!!
1.05016
1449122402
found!!!!!!!!!!!!!!!!!!!
1.07234
1449126002
found!!!!!!!!!!!!!!!!!!!
1.05016
1449126002
found!!!!!!!!!!!!!!!!!!!
1.07234
1449129602
found!!!!!!!!!!!!!!!!!!!
1.05016
1449129602
found!!!!!!!!!!!!!!!!!!!
1.07234
1449133202
found!!!!!!!!!!!!!!!!!!!
1.05016
1449133202
found!!!!!!!!!!!!!!!!!!!
1.07234
1449136802
found!!!!!!!!!!!!!!!!!!!
1.05016
1449136802
found!!!!!!!!!!!!!!!!!!!
5.30822
1449180004
found!!!!!!!!!!!!!!!!!!!
5.30822
1449183603
found!!!!!!!!!!!!!!!!!!!
1.05016
1449201602
found!!!!!!!!!!!!!!!!!!!
1.05016
1449205202
found!!!!!!!!!!!!!!!!!!!
1.05016
1449208802
found!!!!!!!!!!!!!!!!!!!
1.05016
1449212402
found!!!!!!!!!!!!!!!!!!!
1.05016
1449216002
found!!!!!!!!!!!!!!!!!!!
1.05016
1449219603
found!!!!!!!!!!!!!!!!!!!
1.05016
1449223202
found!!!!!!!!!!!!!!!!!!!
1.05016
1449288002
found!!!!!!!!!!!!!!!!!!!
1.05016
1449291603
found!!!!!!!!!!!!!!!!!!!
1.05016
1449295203
found!!!!!!!!!!!!!!!!!!!
1.05016
1449298807
found!!!!!!!!!!!!!!!!!!!
1.05016
1449302402
found!!!!!!!!!!!!!!!!!!!
1.05016
1449306003
found!!!!!!!!!!!!!!!!!!!
1.05016
1449309602
found!!!!!!!!!!!!!!!!!!!
1.30271
1449550802
found!!!!!!!!!!!!!!!!!!!
1.42748
1449550802
found!!!!!!!!!!!!!!!!!!!
1.30271
1449554402
found!!!!!!!!!!!!!!!!!!!
1.42748
1449554402
found!!!!!!!!!!!!!!!!!!!
1.30271
1449558002
found!!!!!!!!!!!!!!!!!!!
1.42748
1449558002
found!!!!!!!!!!!!!!!!!!!
1.30271
1449561601
found!!!!!!!!!!!!!!!!!!!
1.42748
1449561601
found!!!!!!!!!!!!!!!!!!!
1.30271
1449565203
found!!!!!!!!!!!!!!!!!!!
1.42748
1449565203
found!!!!!!!!!!!!!!!!!!!
1.30271
1449568803
found!!!!!!!!!!!!!!!!!!!
1.42748
1449568803
found!!!!!!!!!!!!!!!!!!!
1.30271
1449637202
found!!!!!!!!!!!!!!!!!!!
1.42748
1449637202
found!!!!!!!!!!!!!!!!!!!
1.30271
1449640802
found!!!!!!!!!!!!!!!!!!!
1.42748
1449640802
found!!!!!!!!!!!!!!!!!!!
1.30271
1449644402
found!!!!!!!!!!!!!!!!!!!
1.42748
1449644402
found!!!!!!!!!!!!!!!!!!!
1.30271
1449648002
found!!!!!!!!!!!!!!!!!!!
1.42748
1449648002
found!!!!!!!!!!!!!!!!!!!
1.30271
1449651602
found!!!!!!!!!!!!!!!!!!!
1.42748
1449651602
found!!!!!!!!!!!!!!!!!!!
1.30271
1449655202
found!!!!!!!!!!!!!!!!!!!
1.42748
1449655202
found!!!!!!!!!!!!!!!!!!!
1.30271
1449723602
found!!!!!!!!!!!!!!!!!!!
1.42748
1449723602
found!!!!!!!!!!!!!!!!!!!
1.30271
1449727202
found!!!!!!!!!!!!!!!!!!!
1.42748
1449727202
found!!!!!!!!!!!!!!!!!!!
1.30271
1449730802
found!!!!!!!!!!!!!!!!!!!
1.42748
1449730802
found!!!!!!!!!!!!!!!!!!!
1.30271
1449734403
found!!!!!!!!!!!!!!!!!!!
1.42748
1449734403
found!!!!!!!!!!!!!!!!!!!
1.30271
1449738003
found!!!!!!!!!!!!!!!!!!!
1.42748
1449738003
found!!!!!!!!!!!!!!!!!!!
1.30271
1449741602
found!!!!!!!!!!!!!!!!!!!
1.42748
1449741602
found!!!!!!!!!!!!!!!!!!!
0.95487
1450782002
found!!!!!!!!!!!!!!!!!!!
1.81648
1444730402
found!!!!!!!!!!!!!!!!!!!
1.05951
1445727603
found!!!!!!!!!!!!!!!!!!!
1.05951
1445731201
found!!!!!!!!!!!!!!!!!!!
1.05951
1445734802
found!!!!!!!!!!!!!!!!!!!
1.05951
1445738402
found!!!!!!!!!!!!!!!!!!!
1.05951
1445742002
found!!!!!!!!!!!!!!!!!!!
1.05951
1445745602
found!!!!!!!!!!!!!!!!!!!
1.05951
1445749203
found!!!!!!!!!!!!!!!!!!!
1.05951
1445752803
found!!!!!!!!!!!!!!!!!!!
1.05951
1445756403
found!!!!!!!!!!!!!!!!!!!
1.05951
1445760003
found!!!!!!!!!!!!!!!!!!!
1.05951
1445763603
found!!!!!!!!!!!!!!!!!!!
1.05951
1445767203
found!!!!!!!!!!!!!!!!!!!
1.05951
1445770803
found!!!!!!!!!!!!!!!!!!!
1.05951
1445774407
found!!!!!!!!!!!!!!!!!!!
1.05951
1445778002
found!!!!!!!!!!!!!!!!!!!
1.05951
1445781602
found!!!!!!!!!!!!!!!!!!!
1.05951
1445785203
found!!!!!!!!!!!!!!!!!!!
1.05951
1445788802
found!!!!!!!!!!!!!!!!!!!
1.05951
1445792403
found!!!!!!!!!!!!!!!!!!!
1.05951
1445796002
found!!!!!!!!!!!!!!!!!!!
1.05951
1445799603
found!!!!!!!!!!!!!!!!!!!
1.05951
1445803208
found!!!!!!!!!!!!!!!!!!!
1.05951
1445806803
found!!!!!!!!!!!!!!!!!!!
1.05951
1445810404
found!!!!!!!!!!!!!!!!!!!
1.05951
1445814002
found!!!!!!!!!!!!!!!!!!!
1.05951
1445817603
found!!!!!!!!!!!!!!!!!!!
1.05951
1445821203
found!!!!!!!!!!!!!!!!!!!
1.05951
1445824802
found!!!!!!!!!!!!!!!!!!!
1.05951
1445828406
found!!!!!!!!!!!!!!!!!!!
1.05951
1445832005
found!!!!!!!!!!!!!!!!!!!
1.05951
1445835602
found!!!!!!!!!!!!!!!!!!!
1.05951
1445839203
found!!!!!!!!!!!!!!!!!!!
1.05951
1445842802
found!!!!!!!!!!!!!!!!!!!
1.05951
1445846402
found!!!!!!!!!!!!!!!!!!!
1.05951
1445850007
found!!!!!!!!!!!!!!!!!!!
0.45464
1447995607
found!!!!!!!!!!!!!!!!!!!
0.45464
1447999203
found!!!!!!!!!!!!!!!!!!!
0.45464
1448002802
found!!!!!!!!!!!!!!!!!!!
0.45464
1448006402
found!!!!!!!!!!!!!!!!!!!
0.45464
1448010003
found!!!!!!!!!!!!!!!!!!!
0.45464
1448013603
found!!!!!!!!!!!!!!!!!!!
1.67041
1448337603
found!!!!!!!!!!!!!!!!!!!
1.67041
1448341203
found!!!!!!!!!!!!!!!!!!!
1.67041
1448344802
found!!!!!!!!!!!!!!!!!!!
1.67041
1448348402
found!!!!!!!!!!!!!!!!!!!
1.67041
1448352002
found!!!!!!!!!!!!!!!!!!!
1.67041
1448355603
found!!!!!!!!!!!!!!!!!!!
1.67041
1448359202
found!!!!!!!!!!!!!!!!!!!
1.27186
1449550802
found!!!!!!!!!!!!!!!!!!!
1.30271
1449550802
found!!!!!!!!!!!!!!!!!!!
1.42748
1449550802
found!!!!!!!!!!!!!!!!!!!
1.27186
1449554402
found!!!!!!!!!!!!!!!!!!!
1.30271
1449554402
found!!!!!!!!!!!!!!!!!!!
1.42748
1449554402
found!!!!!!!!!!!!!!!!!!!
1.27186
1449558002
found!!!!!!!!!!!!!!!!!!!
1.30271
1449558002
found!!!!!!!!!!!!!!!!!!!
1.42748
1449558002
found!!!!!!!!!!!!!!!!!!!
1.27186
1449561601
found!!!!!!!!!!!!!!!!!!!
1.30271
1449561601
found!!!!!!!!!!!!!!!!!!!
1.42748
1449561601
found!!!!!!!!!!!!!!!!!!!
1.27186
1449565203
found!!!!!!!!!!!!!!!!!!!
1.30271
1449565203
found!!!!!!!!!!!!!!!!!!!
1.42748
1449565203
found!!!!!!!!!!!!!!!!!!!
1.27186
1449568803
found!!!!!!!!!!!!!!!!!!!
1.30271
1449568803
found!!!!!!!!!!!!!!!!!!!
1.42748
1449568803
found!!!!!!!!!!!!!!!!!!!
1.27186
1449637202
found!!!!!!!!!!!!!!!!!!!
1.30271
1449637202
found!!!!!!!!!!!!!!!!!!!
1.42748
1449637202
found!!!!!!!!!!!!!!!!!!!
1.27186
1449640802
found!!!!!!!!!!!!!!!!!!!
1.30271
1449640802
found!!!!!!!!!!!!!!!!!!!
1.42748
1449640802
found!!!!!!!!!!!!!!!!!!!
1.27186
1449644402
found!!!!!!!!!!!!!!!!!!!
1.30271
1449644402
found!!!!!!!!!!!!!!!!!!!
1.42748
1449644402
found!!!!!!!!!!!!!!!!!!!
1.27186
1449648002
found!!!!!!!!!!!!!!!!!!!
1.30271
1449648002
found!!!!!!!!!!!!!!!!!!!
1.42748
1449648002
found!!!!!!!!!!!!!!!!!!!
1.27186
1449651602
found!!!!!!!!!!!!!!!!!!!
1.30271
1449651602
found!!!!!!!!!!!!!!!!!!!
1.42748
1449651602
found!!!!!!!!!!!!!!!!!!!
1.27186
1449655202
found!!!!!!!!!!!!!!!!!!!
1.30271
1449655202
found!!!!!!!!!!!!!!!!!!!
1.42748
1449655202
found!!!!!!!!!!!!!!!!!!!
1.27186
1449723602
found!!!!!!!!!!!!!!!!!!!
1.30271
1449723602
found!!!!!!!!!!!!!!!!!!!
1.42748
1449723602
found!!!!!!!!!!!!!!!!!!!
1.27186
1449727202
found!!!!!!!!!!!!!!!!!!!
1.30271
1449727202
found!!!!!!!!!!!!!!!!!!!
1.42748
1449727202
found!!!!!!!!!!!!!!!!!!!
1.27186
1449730802
found!!!!!!!!!!!!!!!!!!!
1.30271
1449730802
found!!!!!!!!!!!!!!!!!!!
1.42748
1449730802
found!!!!!!!!!!!!!!!!!!!
1.27186
1449734403
found!!!!!!!!!!!!!!!!!!!
1.30271
1449734403
found!!!!!!!!!!!!!!!!!!!
1.42748
1449734403
found!!!!!!!!!!!!!!!!!!!
1.27186
1449738003
found!!!!!!!!!!!!!!!!!!!
1.30271
1449738003
found!!!!!!!!!!!!!!!!!!!
1.42748
1449738003
found!!!!!!!!!!!!!!!!!!!
1.27186
1449741602
found!!!!!!!!!!!!!!!!!!!
1.30271
1449741602
found!!!!!!!!!!!!!!!!!!!
1.42748
1449741602
found!!!!!!!!!!!!!!!!!!!
5.30822
1453910402
found!!!!!!!!!!!!!!!!!!!
6.05438
1453910402
found!!!!!!!!!!!!!!!!!!!
5.30822
1453914002
found!!!!!!!!!!!!!!!!!!!
6.05438
1453914002
found!!!!!!!!!!!!!!!!!!!
5.30822
1453917603
found!!!!!!!!!!!!!!!!!!!
6.05438
1453917603
found!!!!!!!!!!!!!!!!!!!
1.63465
1454911202
found!!!!!!!!!!!!!!!!!!!
0.3737
1456952402
found!!!!!!!!!!!!!!!!!!!
0.99866
1458068402
found!!!!!!!!!!!!!!!!!!!
1.19569
1458183602
found!!!!!!!!!!!!!!!!!!!
1.19569
1458187202
found!!!!!!!!!!!!!!!!!!!
0.48186
1458273602
found!!!!!!!!!!!!!!!!!!!
1.32559
1458273602
found!!!!!!!!!!!!!!!!!!!
0.95295
1458273602
found!!!!!!!!!!!!!!!!!!!
0.28442
1458273602
found!!!!!!!!!!!!!!!!!!!
0.48186
1458277202
found!!!!!!!!!!!!!!!!!!!
1.32559
1458277202
found!!!!!!!!!!!!!!!!!!!
0.95295
1458277202
found!!!!!!!!!!!!!!!!!!!
0.28442
1458277202
found!!!!!!!!!!!!!!!!!!!
0.48186
1458280803
found!!!!!!!!!!!!!!!!!!!
1.32559
1458280803
found!!!!!!!!!!!!!!!!!!!
0.95295
1458280803
found!!!!!!!!!!!!!!!!!!!
0.28442
1458280803
found!!!!!!!!!!!!!!!!!!!
0.48186
1458284402
found!!!!!!!!!!!!!!!!!!!
1.32559
1458284402
found!!!!!!!!!!!!!!!!!!!
0.95295
1458284402
found!!!!!!!!!!!!!!!!!!!
0.28442
1458284402
found!!!!!!!!!!!!!!!!!!!
0.48186
1458288002
found!!!!!!!!!!!!!!!!!!!
1.32559
1458288002
found!!!!!!!!!!!!!!!!!!!
0.95295
1458288002
found!!!!!!!!!!!!!!!!!!!
0.28442
1458288002
found!!!!!!!!!!!!!!!!!!!
0.48186
1458291602
found!!!!!!!!!!!!!!!!!!!
1.32559
1458291602
found!!!!!!!!!!!!!!!!!!!
0.95295
1458291602
found!!!!!!!!!!!!!!!!!!!
0.28442
1458291602
found!!!!!!!!!!!!!!!!!!!
0.48186
1458360002
found!!!!!!!!!!!!!!!!!!!
1.32559
1458360002
found!!!!!!!!!!!!!!!!!!!
0.95295
1458360002
found!!!!!!!!!!!!!!!!!!!
0.28442
1458360002
found!!!!!!!!!!!!!!!!!!!
0.48186
1458363602
found!!!!!!!!!!!!!!!!!!!
1.32559
1458363602
found!!!!!!!!!!!!!!!!!!!
0.95295
1458363602
found!!!!!!!!!!!!!!!!!!!
0.28442
1458363602
found!!!!!!!!!!!!!!!!!!!
0.48186
1458367202
found!!!!!!!!!!!!!!!!!!!
1.32559
1458367202
found!!!!!!!!!!!!!!!!!!!
0.95295
1458367202
found!!!!!!!!!!!!!!!!!!!
0.28442
1458367202
found!!!!!!!!!!!!!!!!!!!
0.48186
1458370802
found!!!!!!!!!!!!!!!!!!!
1.32559
1458370802
found!!!!!!!!!!!!!!!!!!!
0.95295
1458370802
found!!!!!!!!!!!!!!!!!!!
0.28442
1458370802
found!!!!!!!!!!!!!!!!!!!
0.48186
1458374403
found!!!!!!!!!!!!!!!!!!!
1.32559
1458374403
found!!!!!!!!!!!!!!!!!!!
0.95295
1458374403
found!!!!!!!!!!!!!!!!!!!
0.28442
1458374403
found!!!!!!!!!!!!!!!!!!!
0.48186
1458378002
found!!!!!!!!!!!!!!!!!!!
1.32559
1458378002
found!!!!!!!!!!!!!!!!!!!
0.95295
1458378002
found!!!!!!!!!!!!!!!!!!!
0.28442
1458378002
found!!!!!!!!!!!!!!!!!!!
0.48186
1458446402
found!!!!!!!!!!!!!!!!!!!
1.32559
1458446402
found!!!!!!!!!!!!!!!!!!!
0.95295
1458446402
found!!!!!!!!!!!!!!!!!!!
0.28442
1458446402
found!!!!!!!!!!!!!!!!!!!
0.48186
1458450003
found!!!!!!!!!!!!!!!!!!!
1.32559
1458450003
found!!!!!!!!!!!!!!!!!!!
0.95295
1458450003
found!!!!!!!!!!!!!!!!!!!
0.28442
1458450003
found!!!!!!!!!!!!!!!!!!!
0.48186
1458453602
found!!!!!!!!!!!!!!!!!!!
1.32559
1458453602
found!!!!!!!!!!!!!!!!!!!
0.95295
1458453602
found!!!!!!!!!!!!!!!!!!!
0.28442
1458453602
found!!!!!!!!!!!!!!!!!!!
0.48186
1458457202
found!!!!!!!!!!!!!!!!!!!
1.32559
1458457202
found!!!!!!!!!!!!!!!!!!!
0.95295
1458457202
found!!!!!!!!!!!!!!!!!!!
0.28442
1458457202
found!!!!!!!!!!!!!!!!!!!
0.48186
1458460802
found!!!!!!!!!!!!!!!!!!!
1.32559
1458460802
found!!!!!!!!!!!!!!!!!!!
0.95295
1458460802
found!!!!!!!!!!!!!!!!!!!
0.28442
1458460802
found!!!!!!!!!!!!!!!!!!!
0.48186
1458464403
found!!!!!!!!!!!!!!!!!!!
1.32559
1458464403
found!!!!!!!!!!!!!!!!!!!
0.95295
1458464403
found!!!!!!!!!!!!!!!!!!!
0.28442
1458464403
found!!!!!!!!!!!!!!!!!!!
0.58036
1458619202
found!!!!!!!!!!!!!!!!!!!
1.33443
1458619202
found!!!!!!!!!!!!!!!!!!!
0.70454
1458619202
found!!!!!!!!!!!!!!!!!!!
0.58036
1458622802
found!!!!!!!!!!!!!!!!!!!
1.33443
1458622802
found!!!!!!!!!!!!!!!!!!!
0.70454
1458622802
found!!!!!!!!!!!!!!!!!!!
0.58036
1458626402
found!!!!!!!!!!!!!!!!!!!
1.33443
1458626402
found!!!!!!!!!!!!!!!!!!!
0.70454
1458626402
found!!!!!!!!!!!!!!!!!!!
0.58036
1458630002
found!!!!!!!!!!!!!!!!!!!
1.33443
1458630002
found!!!!!!!!!!!!!!!!!!!
0.70454
1458630002
found!!!!!!!!!!!!!!!!!!!
0.58036
1458633603
found!!!!!!!!!!!!!!!!!!!
1.33443
1458633603
found!!!!!!!!!!!!!!!!!!!
0.70454
1458633603
found!!!!!!!!!!!!!!!!!!!
0.58036
1458637202
found!!!!!!!!!!!!!!!!!!!
1.33443
1458637202
found!!!!!!!!!!!!!!!!!!!
0.70454
1458637202
found!!!!!!!!!!!!!!!!!!!
0.58036
1458705603
found!!!!!!!!!!!!!!!!!!!
1.33443
1458705603
found!!!!!!!!!!!!!!!!!!!
0.70454
1458705603
found!!!!!!!!!!!!!!!!!!!
0.58036
1458709202
found!!!!!!!!!!!!!!!!!!!
1.33443
1458709202
found!!!!!!!!!!!!!!!!!!!
0.70454
1458709202
found!!!!!!!!!!!!!!!!!!!
0.58036
1458712802
found!!!!!!!!!!!!!!!!!!!
1.33443
1458712802
found!!!!!!!!!!!!!!!!!!!
0.70454
1458712802
found!!!!!!!!!!!!!!!!!!!
0.58036
1458716403
found!!!!!!!!!!!!!!!!!!!
1.33443
1458716403
found!!!!!!!!!!!!!!!!!!!
0.70454
1458716403
found!!!!!!!!!!!!!!!!!!!
0.58036
1458720002
found!!!!!!!!!!!!!!!!!!!
1.33443
1458720002
found!!!!!!!!!!!!!!!!!!!
0.70454
1458720002
found!!!!!!!!!!!!!!!!!!!
0.58036
1458723602
found!!!!!!!!!!!!!!!!!!!
1.33443
1458723602
found!!!!!!!!!!!!!!!!!!!
0.70454
1458723602
found!!!!!!!!!!!!!!!!!!!
0.58036
1458792005
found!!!!!!!!!!!!!!!!!!!
1.33443
1458792005
found!!!!!!!!!!!!!!!!!!!
0.70454
1458792005
found!!!!!!!!!!!!!!!!!!!
0.58036
1458795605
found!!!!!!!!!!!!!!!!!!!
1.33443
1458795605
found!!!!!!!!!!!!!!!!!!!
0.70454
1458795605
found!!!!!!!!!!!!!!!!!!!
0.58036
1458799204
found!!!!!!!!!!!!!!!!!!!
1.33443
1458799204
found!!!!!!!!!!!!!!!!!!!
0.70454
1458799204
found!!!!!!!!!!!!!!!!!!!
0.58036
1458802805
found!!!!!!!!!!!!!!!!!!!
1.33443
1458802805
found!!!!!!!!!!!!!!!!!!!
0.70454
1458802805
found!!!!!!!!!!!!!!!!!!!
0.58036
1458806406
found!!!!!!!!!!!!!!!!!!!
1.33443
1458806406
found!!!!!!!!!!!!!!!!!!!
0.70454
1458806406
found!!!!!!!!!!!!!!!!!!!
0.58036
1458810004
found!!!!!!!!!!!!!!!!!!!
1.33443
1458810004
found!!!!!!!!!!!!!!!!!!!
0.70454
1458810004
found!!!!!!!!!!!!!!!!!!!
0.58036
1458878405
found!!!!!!!!!!!!!!!!!!!
1.33443
1458878405
found!!!!!!!!!!!!!!!!!!!
0.70454
1458878405
found!!!!!!!!!!!!!!!!!!!
0.58036
1458882005
found!!!!!!!!!!!!!!!!!!!
1.33443
1458882005
found!!!!!!!!!!!!!!!!!!!
0.70454
1458882005
found!!!!!!!!!!!!!!!!!!!
0.58036
1458885605
found!!!!!!!!!!!!!!!!!!!
1.33443
1458885605
found!!!!!!!!!!!!!!!!!!!
0.70454
1458885605
found!!!!!!!!!!!!!!!!!!!
0.58036
1458889204
found!!!!!!!!!!!!!!!!!!!
1.33443
1458889204
found!!!!!!!!!!!!!!!!!!!
0.70454
1458889204
found!!!!!!!!!!!!!!!!!!!
0.58036
1458892805
found!!!!!!!!!!!!!!!!!!!
1.33443
1458892805
found!!!!!!!!!!!!!!!!!!!
0.70454
1458892805
found!!!!!!!!!!!!!!!!!!!
0.58036
1458896405
found!!!!!!!!!!!!!!!!!!!
1.33443
1458896405
found!!!!!!!!!!!!!!!!!!!
0.70454
1458896405
found!!!!!!!!!!!!!!!!!!!
0.58036
1458964810
found!!!!!!!!!!!!!!!!!!!
1.33443
1458964810
found!!!!!!!!!!!!!!!!!!!
0.70454
1458964810
found!!!!!!!!!!!!!!!!!!!
0.58036
1458968406
found!!!!!!!!!!!!!!!!!!!
1.33443
1458968406
found!!!!!!!!!!!!!!!!!!!
0.70454
1458968406
found!!!!!!!!!!!!!!!!!!!
0.58036
1458972006
found!!!!!!!!!!!!!!!!!!!
1.33443
1458972006
found!!!!!!!!!!!!!!!!!!!
0.70454
1458972006
found!!!!!!!!!!!!!!!!!!!
0.58036
1458975605
found!!!!!!!!!!!!!!!!!!!
1.33443
1458975605
found!!!!!!!!!!!!!!!!!!!
0.70454
1458975605
found!!!!!!!!!!!!!!!!!!!
0.58036
1458979211
found!!!!!!!!!!!!!!!!!!!
1.33443
1458979211
found!!!!!!!!!!!!!!!!!!!
0.70454
1458979211
found!!!!!!!!!!!!!!!!!!!
0.58036
1458982806
found!!!!!!!!!!!!!!!!!!!
1.33443
1458982806
found!!!!!!!!!!!!!!!!!!!
0.70454
1458982806
found!!!!!!!!!!!!!!!!!!!
5.30822
1459720802
found!!!!!!!!!!!!!!!!!!!
2.01923
1459731602
found!!!!!!!!!!!!!!!!!!!
2.01923
1459735202
found!!!!!!!!!!!!!!!!!!!
2.01923
1459738802
found!!!!!!!!!!!!!!!!!!!
2.01923
1459742402
found!!!!!!!!!!!!!!!!!!!
2.01923
1459746002
found!!!!!!!!!!!!!!!!!!!
2.01923
1459749602
found!!!!!!!!!!!!!!!!!!!
2.01923
1459753202
found!!!!!!!!!!!!!!!!!!!
2.01923
1459756802
found!!!!!!!!!!!!!!!!!!!
0.95487
1459864802
found!!!!!!!!!!!!!!!!!!!
0.95487
1459868402
found!!!!!!!!!!!!!!!!!!!
1.19626
1460260807
found!!!!!!!!!!!!!!!!!!!
0.86913
1460260807
found!!!!!!!!!!!!!!!!!!!
0.9567
1460260807
found!!!!!!!!!!!!!!!!!!!
0.84422
1460260807
found!!!!!!!!!!!!!!!!!!!
1.08014
1460260807
found!!!!!!!!!!!!!!!!!!!
1.10453
1460260807
found!!!!!!!!!!!!!!!!!!!
1.20979
1460260807
found!!!!!!!!!!!!!!!!!!!
1.24244
1460260807
found!!!!!!!!!!!!!!!!!!!
1.0532
1460260807
found!!!!!!!!!!!!!!!!!!!
0.53617
1460260807
found!!!!!!!!!!!!!!!!!!!
1.19626
1460260807
found!!!!!!!!!!!!!!!!!!!
1.19626
1460264412
found!!!!!!!!!!!!!!!!!!!
0.86913
1460264412
found!!!!!!!!!!!!!!!!!!!
0.9567
1460264412
found!!!!!!!!!!!!!!!!!!!
0.84422
1460264412
found!!!!!!!!!!!!!!!!!!!
1.08014
1460264412
found!!!!!!!!!!!!!!!!!!!
1.10453
1460264412
found!!!!!!!!!!!!!!!!!!!
1.20979
1460264412
found!!!!!!!!!!!!!!!!!!!
1.24244
1460264412
found!!!!!!!!!!!!!!!!!!!
1.0532
1460264412
found!!!!!!!!!!!!!!!!!!!
0.53617
1460264412
found!!!!!!!!!!!!!!!!!!!
1.19626
1460264412
found!!!!!!!!!!!!!!!!!!!
1.19626
1460268007
found!!!!!!!!!!!!!!!!!!!
0.86913
1460268007
found!!!!!!!!!!!!!!!!!!!
0.9567
1460268007
found!!!!!!!!!!!!!!!!!!!
0.84422
1460268007
found!!!!!!!!!!!!!!!!!!!
1.08014
1460268007
found!!!!!!!!!!!!!!!!!!!
1.10453
1460268007
found!!!!!!!!!!!!!!!!!!!
1.20979
1460268007
found!!!!!!!!!!!!!!!!!!!
1.24244
1460268007
found!!!!!!!!!!!!!!!!!!!
1.0532
1460268007
found!!!!!!!!!!!!!!!!!!!
0.53617
1460268007
found!!!!!!!!!!!!!!!!!!!
1.19626
1460268007
found!!!!!!!!!!!!!!!!!!!
1.19626
1460271608
found!!!!!!!!!!!!!!!!!!!
0.86913
1460271608
found!!!!!!!!!!!!!!!!!!!
0.9567
1460271608
found!!!!!!!!!!!!!!!!!!!
0.84422
1460271608
found!!!!!!!!!!!!!!!!!!!
1.08014
1460271608
found!!!!!!!!!!!!!!!!!!!
1.10453
1460271608
found!!!!!!!!!!!!!!!!!!!
1.20979
1460271608
found!!!!!!!!!!!!!!!!!!!
1.24244
1460271608
found!!!!!!!!!!!!!!!!!!!
1.0532
1460271608
found!!!!!!!!!!!!!!!!!!!
0.53617
1460271608
found!!!!!!!!!!!!!!!!!!!
1.19626
1460271608
found!!!!!!!!!!!!!!!!!!!
1.19626
1460275203
found!!!!!!!!!!!!!!!!!!!
0.86913
1460275203
found!!!!!!!!!!!!!!!!!!!
0.9567
1460275203
found!!!!!!!!!!!!!!!!!!!
0.84422
1460275203
found!!!!!!!!!!!!!!!!!!!
1.08014
1460275203
found!!!!!!!!!!!!!!!!!!!
1.10453
1460275203
found!!!!!!!!!!!!!!!!!!!
1.20979
1460275203
found!!!!!!!!!!!!!!!!!!!
1.24244
1460275203
found!!!!!!!!!!!!!!!!!!!
1.0532
1460275203
found!!!!!!!!!!!!!!!!!!!
0.53617
1460275203
found!!!!!!!!!!!!!!!!!!!
1.19626
1460275203
found!!!!!!!!!!!!!!!!!!!
1.19626
1460278803
found!!!!!!!!!!!!!!!!!!!
0.86913
1460278803
found!!!!!!!!!!!!!!!!!!!
0.9567
1460278803
found!!!!!!!!!!!!!!!!!!!
0.84422
1460278803
found!!!!!!!!!!!!!!!!!!!
1.08014
1460278803
found!!!!!!!!!!!!!!!!!!!
1.10453
1460278803
found!!!!!!!!!!!!!!!!!!!
1.20979
1460278803
found!!!!!!!!!!!!!!!!!!!
1.24244
1460278803
found!!!!!!!!!!!!!!!!!!!
1.0532
1460278803
found!!!!!!!!!!!!!!!!!!!
0.53617
1460278803
found!!!!!!!!!!!!!!!!!!!
1.19626
1460278803
found!!!!!!!!!!!!!!!!!!!
1.19626
1460282405
found!!!!!!!!!!!!!!!!!!!
0.86913
1460282405
found!!!!!!!!!!!!!!!!!!!
0.9567
1460282405
found!!!!!!!!!!!!!!!!!!!
0.84422
1460282405
found!!!!!!!!!!!!!!!!!!!
1.08014
1460282405
found!!!!!!!!!!!!!!!!!!!
1.10453
1460282405
found!!!!!!!!!!!!!!!!!!!
1.20979
1460282405
found!!!!!!!!!!!!!!!!!!!
1.24244
1460282405
found!!!!!!!!!!!!!!!!!!!
1.0532
1460282405
found!!!!!!!!!!!!!!!!!!!
0.53617
1460282405
found!!!!!!!!!!!!!!!!!!!
1.19626
1460282405
found!!!!!!!!!!!!!!!!!!!
1.19626
1460286002
found!!!!!!!!!!!!!!!!!!!
0.86913
1460286002
found!!!!!!!!!!!!!!!!!!!
0.9567
1460286002
found!!!!!!!!!!!!!!!!!!!
0.84422
1460286002
found!!!!!!!!!!!!!!!!!!!
1.08014
1460286002
found!!!!!!!!!!!!!!!!!!!
1.10453
1460286002
found!!!!!!!!!!!!!!!!!!!
1.20979
1460286002
found!!!!!!!!!!!!!!!!!!!
1.24244
1460286002
found!!!!!!!!!!!!!!!!!!!
1.0532
1460286002
found!!!!!!!!!!!!!!!!!!!
0.53617
1460286002
found!!!!!!!!!!!!!!!!!!!
1.19626
1460286002
found!!!!!!!!!!!!!!!!!!!
1.19626
1460289602
found!!!!!!!!!!!!!!!!!!!
0.86913
1460289602
found!!!!!!!!!!!!!!!!!!!
0.9567
1460289602
found!!!!!!!!!!!!!!!!!!!
0.84422
1460289602
found!!!!!!!!!!!!!!!!!!!
1.08014
1460289602
found!!!!!!!!!!!!!!!!!!!
1.10453
1460289602
found!!!!!!!!!!!!!!!!!!!
1.20979
1460289602
found!!!!!!!!!!!!!!!!!!!
1.24244
1460289602
found!!!!!!!!!!!!!!!!!!!
1.0532
1460289602
found!!!!!!!!!!!!!!!!!!!
0.53617
1460289602
found!!!!!!!!!!!!!!!!!!!
1.19626
1460289602
found!!!!!!!!!!!!!!!!!!!
1.27455
1460494803
found!!!!!!!!!!!!!!!!!!!
1.82976
1460498402
found!!!!!!!!!!!!!!!!!!!
1.82976
1460498402
found!!!!!!!!!!!!!!!!!!!
1.28672
1460736002
found!!!!!!!!!!!!!!!!!!!
1.28672
1460739603
found!!!!!!!!!!!!!!!!!!!
0.5291
1460779203
found!!!!!!!!!!!!!!!!!!!
0.25462
1460779203
found!!!!!!!!!!!!!!!!!!!
0.90311
1460779203
found!!!!!!!!!!!!!!!!!!!
0.68821
1460779203
found!!!!!!!!!!!!!!!!!!!
1.94644
1460779203
found!!!!!!!!!!!!!!!!!!!
1.89295
1460779203
found!!!!!!!!!!!!!!!!!!!
0.48202
1460779203
found!!!!!!!!!!!!!!!!!!!
0.68888
1460779203
found!!!!!!!!!!!!!!!!!!!
1.05548
1460779203
found!!!!!!!!!!!!!!!!!!!
0.73241
1460779203
found!!!!!!!!!!!!!!!!!!!
0.48621
1460779203
found!!!!!!!!!!!!!!!!!!!
1.40298
1460779203
found!!!!!!!!!!!!!!!!!!!
0.71387
1460779203
found!!!!!!!!!!!!!!!!!!!
0.34143
1460779203
found!!!!!!!!!!!!!!!!!!!
1.84253
1460779203
found!!!!!!!!!!!!!!!!!!!
1.94879
1460779203
found!!!!!!!!!!!!!!!!!!!
0.58192
1460779203
found!!!!!!!!!!!!!!!!!!!
0.82872
1460779203
found!!!!!!!!!!!!!!!!!!!
0.42642
1460779203
found!!!!!!!!!!!!!!!!!!!
0.55767
1460779203
found!!!!!!!!!!!!!!!!!!!
0.5291
1460782802
found!!!!!!!!!!!!!!!!!!!
0.25462
1460782802
found!!!!!!!!!!!!!!!!!!!
0.90311
1460782802
found!!!!!!!!!!!!!!!!!!!
0.68821
1460782802
found!!!!!!!!!!!!!!!!!!!
1.94644
1460782802
found!!!!!!!!!!!!!!!!!!!
1.89295
1460782802
found!!!!!!!!!!!!!!!!!!!
0.48202
1460782802
found!!!!!!!!!!!!!!!!!!!
0.68888
1460782802
found!!!!!!!!!!!!!!!!!!!
1.05548
1460782802
found!!!!!!!!!!!!!!!!!!!
0.73241
1460782802
found!!!!!!!!!!!!!!!!!!!
0.48621
1460782802
found!!!!!!!!!!!!!!!!!!!
1.40298
1460782802
found!!!!!!!!!!!!!!!!!!!
0.71387
1460782802
found!!!!!!!!!!!!!!!!!!!
0.34143
1460782802
found!!!!!!!!!!!!!!!!!!!
1.84253
1460782802
found!!!!!!!!!!!!!!!!!!!
1.94879
1460782802
found!!!!!!!!!!!!!!!!!!!
0.58192
1460782802
found!!!!!!!!!!!!!!!!!!!
0.82872
1460782802
found!!!!!!!!!!!!!!!!!!!
0.42642
1460782802
found!!!!!!!!!!!!!!!!!!!
0.55767
1460782802
found!!!!!!!!!!!!!!!!!!!
0.5291
1460786404
found!!!!!!!!!!!!!!!!!!!
0.25462
1460786404
found!!!!!!!!!!!!!!!!!!!
0.90311
1460786404
found!!!!!!!!!!!!!!!!!!!
0.68821
1460786404
found!!!!!!!!!!!!!!!!!!!
1.94644
1460786404
found!!!!!!!!!!!!!!!!!!!
1.89295
1460786404
found!!!!!!!!!!!!!!!!!!!
0.48202
1460786404
found!!!!!!!!!!!!!!!!!!!
0.68888
1460786404
found!!!!!!!!!!!!!!!!!!!
1.05548
1460786404
found!!!!!!!!!!!!!!!!!!!
0.73241
1460786404
found!!!!!!!!!!!!!!!!!!!
0.48621
1460786404
found!!!!!!!!!!!!!!!!!!!
1.40298
1460786404
found!!!!!!!!!!!!!!!!!!!
0.71387
1460786404
found!!!!!!!!!!!!!!!!!!!
0.34143
1460786404
found!!!!!!!!!!!!!!!!!!!
1.84253
1460786404
found!!!!!!!!!!!!!!!!!!!
1.94879
1460786404
found!!!!!!!!!!!!!!!!!!!
0.58192
1460786404
found!!!!!!!!!!!!!!!!!!!
0.82872
1460786404
found!!!!!!!!!!!!!!!!!!!
0.42642
1460786404
found!!!!!!!!!!!!!!!!!!!
0.55767
1460786404
found!!!!!!!!!!!!!!!!!!!
0.5291
1460790002
found!!!!!!!!!!!!!!!!!!!
0.25462
1460790002
found!!!!!!!!!!!!!!!!!!!
0.90311
1460790002
found!!!!!!!!!!!!!!!!!!!
0.68821
1460790002
found!!!!!!!!!!!!!!!!!!!
1.94644
1460790002
found!!!!!!!!!!!!!!!!!!!
1.89295
1460790002
found!!!!!!!!!!!!!!!!!!!
0.48202
1460790002
found!!!!!!!!!!!!!!!!!!!
0.68888
1460790002
found!!!!!!!!!!!!!!!!!!!
1.05548
1460790002
found!!!!!!!!!!!!!!!!!!!
0.73241
1460790002
found!!!!!!!!!!!!!!!!!!!
0.48621
1460790002
found!!!!!!!!!!!!!!!!!!!
1.40298
1460790002
found!!!!!!!!!!!!!!!!!!!
0.71387
1460790002
found!!!!!!!!!!!!!!!!!!!
0.34143
1460790002
found!!!!!!!!!!!!!!!!!!!
1.84253
1460790002
found!!!!!!!!!!!!!!!!!!!
1.94879
1460790002
found!!!!!!!!!!!!!!!!!!!
0.58192
1460790002
found!!!!!!!!!!!!!!!!!!!
0.82872
1460790002
found!!!!!!!!!!!!!!!!!!!
0.42642
1460790002
found!!!!!!!!!!!!!!!!!!!
0.55767
1460790002
found!!!!!!!!!!!!!!!!!!!
0.5291
1460793604
found!!!!!!!!!!!!!!!!!!!
0.25462
1460793604
found!!!!!!!!!!!!!!!!!!!
0.90311
1460793604
found!!!!!!!!!!!!!!!!!!!
0.68821
1460793604
found!!!!!!!!!!!!!!!!!!!
1.94644
1460793604
found!!!!!!!!!!!!!!!!!!!
1.89295
1460793604
found!!!!!!!!!!!!!!!!!!!
0.48202
1460793604
found!!!!!!!!!!!!!!!!!!!
0.68888
1460793604
found!!!!!!!!!!!!!!!!!!!
1.05548
1460793604
found!!!!!!!!!!!!!!!!!!!
0.73241
1460793604
found!!!!!!!!!!!!!!!!!!!
0.48621
1460793604
found!!!!!!!!!!!!!!!!!!!
1.40298
1460793604
found!!!!!!!!!!!!!!!!!!!
0.71387
1460793604
found!!!!!!!!!!!!!!!!!!!
0.34143
1460793604
found!!!!!!!!!!!!!!!!!!!
1.84253
1460793604
found!!!!!!!!!!!!!!!!!!!
1.94879
1460793604
found!!!!!!!!!!!!!!!!!!!
0.58192
1460793604
found!!!!!!!!!!!!!!!!!!!
0.82872
1460793604
found!!!!!!!!!!!!!!!!!!!
0.42642
1460793604
found!!!!!!!!!!!!!!!!!!!
0.55767
1460793604
found!!!!!!!!!!!!!!!!!!!
0.5291
1460797202
found!!!!!!!!!!!!!!!!!!!
0.25462
1460797202
found!!!!!!!!!!!!!!!!!!!
0.90311
1460797202
found!!!!!!!!!!!!!!!!!!!
0.68821
1460797202
found!!!!!!!!!!!!!!!!!!!
1.94644
1460797202
found!!!!!!!!!!!!!!!!!!!
1.89295
1460797202
found!!!!!!!!!!!!!!!!!!!
0.48202
1460797202
found!!!!!!!!!!!!!!!!!!!
0.68888
1460797202
found!!!!!!!!!!!!!!!!!!!
1.05548
1460797202
found!!!!!!!!!!!!!!!!!!!
0.73241
1460797202
found!!!!!!!!!!!!!!!!!!!
0.48621
1460797202
found!!!!!!!!!!!!!!!!!!!
1.40298
1460797202
found!!!!!!!!!!!!!!!!!!!
0.71387
1460797202
found!!!!!!!!!!!!!!!!!!!
0.34143
1460797202
found!!!!!!!!!!!!!!!!!!!
1.84253
1460797202
found!!!!!!!!!!!!!!!!!!!
1.94879
1460797202
found!!!!!!!!!!!!!!!!!!!
0.58192
1460797202
found!!!!!!!!!!!!!!!!!!!
0.82872
1460797202
found!!!!!!!!!!!!!!!!!!!
0.42642
1460797202
found!!!!!!!!!!!!!!!!!!!
0.55767
1460797202
found!!!!!!!!!!!!!!!!!!!
0.5291
1460800802
found!!!!!!!!!!!!!!!!!!!
0.25462
1460800802
found!!!!!!!!!!!!!!!!!!!
0.90311
1460800802
found!!!!!!!!!!!!!!!!!!!
0.68821
1460800802
found!!!!!!!!!!!!!!!!!!!
1.94644
1460800802
found!!!!!!!!!!!!!!!!!!!
1.89295
1460800802
found!!!!!!!!!!!!!!!!!!!
0.48202
1460800802
found!!!!!!!!!!!!!!!!!!!
0.68888
1460800802
found!!!!!!!!!!!!!!!!!!!
1.05548
1460800802
found!!!!!!!!!!!!!!!!!!!
0.73241
1460800802
found!!!!!!!!!!!!!!!!!!!
0.48621
1460800802
found!!!!!!!!!!!!!!!!!!!
1.40298
1460800802
found!!!!!!!!!!!!!!!!!!!
0.71387
1460800802
found!!!!!!!!!!!!!!!!!!!
0.34143
1460800802
found!!!!!!!!!!!!!!!!!!!
1.84253
1460800802
found!!!!!!!!!!!!!!!!!!!
1.94879
1460800802
found!!!!!!!!!!!!!!!!!!!
0.58192
1460800802
found!!!!!!!!!!!!!!!!!!!
0.82872
1460800802
found!!!!!!!!!!!!!!!!!!!
0.42642
1460800802
found!!!!!!!!!!!!!!!!!!!
0.55767
1460800802
found!!!!!!!!!!!!!!!!!!!
0.5291
1460804402
found!!!!!!!!!!!!!!!!!!!
0.25462
1460804402
found!!!!!!!!!!!!!!!!!!!
0.90311
1460804402
found!!!!!!!!!!!!!!!!!!!
0.68821
1460804402
found!!!!!!!!!!!!!!!!!!!
1.94644
1460804402
found!!!!!!!!!!!!!!!!!!!
1.89295
1460804402
found!!!!!!!!!!!!!!!!!!!
0.48202
1460804402
found!!!!!!!!!!!!!!!!!!!
0.68888
1460804402
found!!!!!!!!!!!!!!!!!!!
1.05548
1460804402
found!!!!!!!!!!!!!!!!!!!
0.73241
1460804402
found!!!!!!!!!!!!!!!!!!!
0.48621
1460804402
found!!!!!!!!!!!!!!!!!!!
1.40298
1460804402
found!!!!!!!!!!!!!!!!!!!
0.71387
1460804402
found!!!!!!!!!!!!!!!!!!!
0.34143
1460804402
found!!!!!!!!!!!!!!!!!!!
1.84253
1460804402
found!!!!!!!!!!!!!!!!!!!
1.94879
1460804402
found!!!!!!!!!!!!!!!!!!!
0.58192
1460804402
found!!!!!!!!!!!!!!!!!!!
0.82872
1460804402
found!!!!!!!!!!!!!!!!!!!
0.42642
1460804402
found!!!!!!!!!!!!!!!!!!!
0.55767
1460804402
found!!!!!!!!!!!!!!!!!!!
0.5291
1460808004
found!!!!!!!!!!!!!!!!!!!
0.25462
1460808004
found!!!!!!!!!!!!!!!!!!!
0.90311
1460808004
found!!!!!!!!!!!!!!!!!!!
0.68821
1460808004
found!!!!!!!!!!!!!!!!!!!
1.94644
1460808004
found!!!!!!!!!!!!!!!!!!!
1.89295
1460808004
found!!!!!!!!!!!!!!!!!!!
0.48202
1460808004
found!!!!!!!!!!!!!!!!!!!
0.68888
1460808004
found!!!!!!!!!!!!!!!!!!!
1.05548
1460808004
found!!!!!!!!!!!!!!!!!!!
0.73241
1460808004
found!!!!!!!!!!!!!!!!!!!
0.48621
1460808004
found!!!!!!!!!!!!!!!!!!!
1.40298
1460808004
found!!!!!!!!!!!!!!!!!!!
0.71387
1460808004
found!!!!!!!!!!!!!!!!!!!
0.34143
1460808004
found!!!!!!!!!!!!!!!!!!!
1.84253
1460808004
found!!!!!!!!!!!!!!!!!!!
1.94879
1460808004
found!!!!!!!!!!!!!!!!!!!
0.58192
1460808004
found!!!!!!!!!!!!!!!!!!!
0.82872
1460808004
found!!!!!!!!!!!!!!!!!!!
0.42642
1460808004
found!!!!!!!!!!!!!!!!!!!
0.55767
1460808004
found!!!!!!!!!!!!!!!!!!!
0.5291
1460811603
found!!!!!!!!!!!!!!!!!!!
0.25462
1460811603
found!!!!!!!!!!!!!!!!!!!
0.90311
1460811603
found!!!!!!!!!!!!!!!!!!!
0.68821
1460811603
found!!!!!!!!!!!!!!!!!!!
1.94644
1460811603
found!!!!!!!!!!!!!!!!!!!
1.89295
1460811603
found!!!!!!!!!!!!!!!!!!!
0.48202
1460811603
found!!!!!!!!!!!!!!!!!!!
0.68888
1460811603
found!!!!!!!!!!!!!!!!!!!
1.05548
1460811603
found!!!!!!!!!!!!!!!!!!!
0.73241
1460811603
found!!!!!!!!!!!!!!!!!!!
0.48621
1460811603
found!!!!!!!!!!!!!!!!!!!
1.40298
1460811603
found!!!!!!!!!!!!!!!!!!!
0.71387
1460811603
found!!!!!!!!!!!!!!!!!!!
0.34143
1460811603
found!!!!!!!!!!!!!!!!!!!
1.84253
1460811603
found!!!!!!!!!!!!!!!!!!!
1.94879
1460811603
found!!!!!!!!!!!!!!!!!!!
0.58192
1460811603
found!!!!!!!!!!!!!!!!!!!
0.82872
1460811603
found!!!!!!!!!!!!!!!!!!!
0.42642
1460811603
found!!!!!!!!!!!!!!!!!!!
0.55767
1460811603
found!!!!!!!!!!!!!!!!!!!
0.5291
1460815202
found!!!!!!!!!!!!!!!!!!!
0.25462
1460815202
found!!!!!!!!!!!!!!!!!!!
0.90311
1460815202
found!!!!!!!!!!!!!!!!!!!
0.68821
1460815202
found!!!!!!!!!!!!!!!!!!!
1.94644
1460815202
found!!!!!!!!!!!!!!!!!!!
1.89295
1460815202
found!!!!!!!!!!!!!!!!!!!
0.48202
1460815202
found!!!!!!!!!!!!!!!!!!!
0.68888
1460815202
found!!!!!!!!!!!!!!!!!!!
1.05548
1460815202
found!!!!!!!!!!!!!!!!!!!
0.73241
1460815202
found!!!!!!!!!!!!!!!!!!!
0.48621
1460815202
found!!!!!!!!!!!!!!!!!!!
1.40298
1460815202
found!!!!!!!!!!!!!!!!!!!
0.71387
1460815202
found!!!!!!!!!!!!!!!!!!!
0.34143
1460815202
found!!!!!!!!!!!!!!!!!!!
1.84253
1460815202
found!!!!!!!!!!!!!!!!!!!
1.94879
1460815202
found!!!!!!!!!!!!!!!!!!!
0.58192
1460815202
found!!!!!!!!!!!!!!!!!!!
0.82872
1460815202
found!!!!!!!!!!!!!!!!!!!
0.42642
1460815202
found!!!!!!!!!!!!!!!!!!!
0.55767
1460815202
found!!!!!!!!!!!!!!!!!!!
0.5291
1460818803
found!!!!!!!!!!!!!!!!!!!
0.25462
1460818803
found!!!!!!!!!!!!!!!!!!!
0.90311
1460818803
found!!!!!!!!!!!!!!!!!!!
0.68821
1460818803
found!!!!!!!!!!!!!!!!!!!
1.94644
1460818803
found!!!!!!!!!!!!!!!!!!!
1.89295
1460818803
found!!!!!!!!!!!!!!!!!!!
0.48202
1460818803
found!!!!!!!!!!!!!!!!!!!
0.68888
1460818803
found!!!!!!!!!!!!!!!!!!!
1.05548
1460818803
found!!!!!!!!!!!!!!!!!!!
0.73241
1460818803
found!!!!!!!!!!!!!!!!!!!
0.48621
1460818803
found!!!!!!!!!!!!!!!!!!!
1.40298
1460818803
found!!!!!!!!!!!!!!!!!!!
0.71387
1460818803
found!!!!!!!!!!!!!!!!!!!
0.34143
1460818803
found!!!!!!!!!!!!!!!!!!!
1.84253
1460818803
found!!!!!!!!!!!!!!!!!!!
1.94879
1460818803
found!!!!!!!!!!!!!!!!!!!
0.58192
1460818803
found!!!!!!!!!!!!!!!!!!!
0.82872
1460818803
found!!!!!!!!!!!!!!!!!!!
0.42642
1460818803
found!!!!!!!!!!!!!!!!!!!
0.55767
1460818803
found!!!!!!!!!!!!!!!!!!!
0.5291
1460822402
found!!!!!!!!!!!!!!!!!!!
0.25462
1460822402
found!!!!!!!!!!!!!!!!!!!
0.90311
1460822402
found!!!!!!!!!!!!!!!!!!!
0.68821
1460822402
found!!!!!!!!!!!!!!!!!!!
1.94644
1460822402
found!!!!!!!!!!!!!!!!!!!
1.89295
1460822402
found!!!!!!!!!!!!!!!!!!!
0.48202
1460822402
found!!!!!!!!!!!!!!!!!!!
0.68888
1460822402
found!!!!!!!!!!!!!!!!!!!
1.05548
1460822402
found!!!!!!!!!!!!!!!!!!!
0.73241
1460822402
found!!!!!!!!!!!!!!!!!!!
0.48621
1460822402
found!!!!!!!!!!!!!!!!!!!
1.40298
1460822402
found!!!!!!!!!!!!!!!!!!!
0.71387
1460822402
found!!!!!!!!!!!!!!!!!!!
0.34143
1460822402
found!!!!!!!!!!!!!!!!!!!
1.84253
1460822402
found!!!!!!!!!!!!!!!!!!!
1.94879
1460822402
found!!!!!!!!!!!!!!!!!!!
0.58192
1460822402
found!!!!!!!!!!!!!!!!!!!
0.82872
1460822402
found!!!!!!!!!!!!!!!!!!!
0.42642
1460822402
found!!!!!!!!!!!!!!!!!!!
0.55767
1460822402
found!!!!!!!!!!!!!!!!!!!
0.5291
1460826003
found!!!!!!!!!!!!!!!!!!!
0.25462
1460826003
found!!!!!!!!!!!!!!!!!!!
0.90311
1460826003
found!!!!!!!!!!!!!!!!!!!
0.68821
1460826003
found!!!!!!!!!!!!!!!!!!!
1.94644
1460826003
found!!!!!!!!!!!!!!!!!!!
1.89295
1460826003
found!!!!!!!!!!!!!!!!!!!
0.48202
1460826003
found!!!!!!!!!!!!!!!!!!!
0.68888
1460826003
found!!!!!!!!!!!!!!!!!!!
1.05548
1460826003
found!!!!!!!!!!!!!!!!!!!
0.73241
1460826003
found!!!!!!!!!!!!!!!!!!!
0.48621
1460826003
found!!!!!!!!!!!!!!!!!!!
1.40298
1460826003
found!!!!!!!!!!!!!!!!!!!
0.71387
1460826003
found!!!!!!!!!!!!!!!!!!!
0.34143
1460826003
found!!!!!!!!!!!!!!!!!!!
1.84253
1460826003
found!!!!!!!!!!!!!!!!!!!
1.94879
1460826003
found!!!!!!!!!!!!!!!!!!!
0.58192
1460826003
found!!!!!!!!!!!!!!!!!!!
0.82872
1460826003
found!!!!!!!!!!!!!!!!!!!
0.42642
1460826003
found!!!!!!!!!!!!!!!!!!!
0.55767
1460826003
found!!!!!!!!!!!!!!!!!!!
0.5291
1460829604
found!!!!!!!!!!!!!!!!!!!
0.25462
1460829604
found!!!!!!!!!!!!!!!!!!!
0.90311
1460829604
found!!!!!!!!!!!!!!!!!!!
0.68821
1460829604
found!!!!!!!!!!!!!!!!!!!
1.94644
1460829604
found!!!!!!!!!!!!!!!!!!!
1.89295
1460829604
found!!!!!!!!!!!!!!!!!!!
0.48202
1460829604
found!!!!!!!!!!!!!!!!!!!
0.68888
1460829604
found!!!!!!!!!!!!!!!!!!!
1.05548
1460829604
found!!!!!!!!!!!!!!!!!!!
0.73241
1460829604
found!!!!!!!!!!!!!!!!!!!
0.48621
1460829604
found!!!!!!!!!!!!!!!!!!!
1.40298
1460829604
found!!!!!!!!!!!!!!!!!!!
0.71387
1460829604
found!!!!!!!!!!!!!!!!!!!
0.34143
1460829604
found!!!!!!!!!!!!!!!!!!!
1.84253
1460829604
found!!!!!!!!!!!!!!!!!!!
1.94879
1460829604
found!!!!!!!!!!!!!!!!!!!
0.58192
1460829604
found!!!!!!!!!!!!!!!!!!!
0.82872
1460829604
found!!!!!!!!!!!!!!!!!!!
0.42642
1460829604
found!!!!!!!!!!!!!!!!!!!
0.55767
1460829604
found!!!!!!!!!!!!!!!!!!!
0.5291
1460833202
found!!!!!!!!!!!!!!!!!!!
0.25462
1460833202
found!!!!!!!!!!!!!!!!!!!
0.90311
1460833202
found!!!!!!!!!!!!!!!!!!!
0.68821
1460833202
found!!!!!!!!!!!!!!!!!!!
1.94644
1460833202
found!!!!!!!!!!!!!!!!!!!
1.89295
1460833202
found!!!!!!!!!!!!!!!!!!!
0.48202
1460833202
found!!!!!!!!!!!!!!!!!!!
0.68888
1460833202
found!!!!!!!!!!!!!!!!!!!
1.05548
1460833202
found!!!!!!!!!!!!!!!!!!!
0.73241
1460833202
found!!!!!!!!!!!!!!!!!!!
0.48621
1460833202
found!!!!!!!!!!!!!!!!!!!
1.40298
1460833202
found!!!!!!!!!!!!!!!!!!!
0.71387
1460833202
found!!!!!!!!!!!!!!!!!!!
0.34143
1460833202
found!!!!!!!!!!!!!!!!!!!
1.84253
1460833202
found!!!!!!!!!!!!!!!!!!!
1.94879
1460833202
found!!!!!!!!!!!!!!!!!!!
0.58192
1460833202
found!!!!!!!!!!!!!!!!!!!
0.82872
1460833202
found!!!!!!!!!!!!!!!!!!!
0.42642
1460833202
found!!!!!!!!!!!!!!!!!!!
0.55767
1460833202
found!!!!!!!!!!!!!!!!!!!
0.5291
1460836803
found!!!!!!!!!!!!!!!!!!!
0.25462
1460836803
found!!!!!!!!!!!!!!!!!!!
0.90311
1460836803
found!!!!!!!!!!!!!!!!!!!
0.68821
1460836803
found!!!!!!!!!!!!!!!!!!!
1.94644
1460836803
found!!!!!!!!!!!!!!!!!!!
1.89295
1460836803
found!!!!!!!!!!!!!!!!!!!
0.48202
1460836803
found!!!!!!!!!!!!!!!!!!!
0.68888
1460836803
found!!!!!!!!!!!!!!!!!!!
1.05548
1460836803
found!!!!!!!!!!!!!!!!!!!
0.73241
1460836803
found!!!!!!!!!!!!!!!!!!!
0.48621
1460836803
found!!!!!!!!!!!!!!!!!!!
1.40298
1460836803
found!!!!!!!!!!!!!!!!!!!
0.71387
1460836803
found!!!!!!!!!!!!!!!!!!!
0.34143
1460836803
found!!!!!!!!!!!!!!!!!!!
1.84253
1460836803
found!!!!!!!!!!!!!!!!!!!
1.94879
1460836803
found!!!!!!!!!!!!!!!!!!!
0.58192
1460836803
found!!!!!!!!!!!!!!!!!!!
0.82872
1460836803
found!!!!!!!!!!!!!!!!!!!
0.42642
1460836803
found!!!!!!!!!!!!!!!!!!!
0.55767
1460836803
found!!!!!!!!!!!!!!!!!!!
0.5291
1460840402
found!!!!!!!!!!!!!!!!!!!
0.25462
1460840402
found!!!!!!!!!!!!!!!!!!!
0.90311
1460840402
found!!!!!!!!!!!!!!!!!!!
0.68821
1460840402
found!!!!!!!!!!!!!!!!!!!
1.94644
1460840402
found!!!!!!!!!!!!!!!!!!!
1.89295
1460840402
found!!!!!!!!!!!!!!!!!!!
0.48202
1460840402
found!!!!!!!!!!!!!!!!!!!
0.68888
1460840402
found!!!!!!!!!!!!!!!!!!!
1.05548
1460840402
found!!!!!!!!!!!!!!!!!!!
0.73241
1460840402
found!!!!!!!!!!!!!!!!!!!
0.48621
1460840402
found!!!!!!!!!!!!!!!!!!!
1.40298
1460840402
found!!!!!!!!!!!!!!!!!!!
0.71387
1460840402
found!!!!!!!!!!!!!!!!!!!
0.34143
1460840402
found!!!!!!!!!!!!!!!!!!!
1.84253
1460840402
found!!!!!!!!!!!!!!!!!!!
1.94879
1460840402
found!!!!!!!!!!!!!!!!!!!
0.58192
1460840402
found!!!!!!!!!!!!!!!!!!!
0.82872
1460840402
found!!!!!!!!!!!!!!!!!!!
0.42642
1460840402
found!!!!!!!!!!!!!!!!!!!
0.55767
1460840402
found!!!!!!!!!!!!!!!!!!!
0.5291
1460844002
found!!!!!!!!!!!!!!!!!!!
0.25462
1460844002
found!!!!!!!!!!!!!!!!!!!
0.90311
1460844002
found!!!!!!!!!!!!!!!!!!!
0.68821
1460844002
found!!!!!!!!!!!!!!!!!!!
1.94644
1460844002
found!!!!!!!!!!!!!!!!!!!
1.89295
1460844002
found!!!!!!!!!!!!!!!!!!!
0.48202
1460844002
found!!!!!!!!!!!!!!!!!!!
0.68888
1460844002
found!!!!!!!!!!!!!!!!!!!
1.05548
1460844002
found!!!!!!!!!!!!!!!!!!!
0.73241
1460844002
found!!!!!!!!!!!!!!!!!!!
0.48621
1460844002
found!!!!!!!!!!!!!!!!!!!
1.40298
1460844002
found!!!!!!!!!!!!!!!!!!!
0.71387
1460844002
found!!!!!!!!!!!!!!!!!!!
0.34143
1460844002
found!!!!!!!!!!!!!!!!!!!
1.84253
1460844002
found!!!!!!!!!!!!!!!!!!!
1.94879
1460844002
found!!!!!!!!!!!!!!!!!!!
0.58192
1460844002
found!!!!!!!!!!!!!!!!!!!
0.82872
1460844002
found!!!!!!!!!!!!!!!!!!!
0.42642
1460844002
found!!!!!!!!!!!!!!!!!!!
0.55767
1460844002
found!!!!!!!!!!!!!!!!!!!
0.5291
1460847603
found!!!!!!!!!!!!!!!!!!!
0.25462
1460847603
found!!!!!!!!!!!!!!!!!!!
0.90311
1460847603
found!!!!!!!!!!!!!!!!!!!
0.68821
1460847603
found!!!!!!!!!!!!!!!!!!!
1.94644
1460847603
found!!!!!!!!!!!!!!!!!!!
1.89295
1460847603
found!!!!!!!!!!!!!!!!!!!
0.48202
1460847603
found!!!!!!!!!!!!!!!!!!!
0.68888
1460847603
found!!!!!!!!!!!!!!!!!!!
1.05548
1460847603
found!!!!!!!!!!!!!!!!!!!
0.73241
1460847603
found!!!!!!!!!!!!!!!!!!!
0.48621
1460847603
found!!!!!!!!!!!!!!!!!!!
1.40298
1460847603
found!!!!!!!!!!!!!!!!!!!
0.71387
1460847603
found!!!!!!!!!!!!!!!!!!!
0.34143
1460847603
found!!!!!!!!!!!!!!!!!!!
1.84253
1460847603
found!!!!!!!!!!!!!!!!!!!
1.94879
1460847603
found!!!!!!!!!!!!!!!!!!!
0.58192
1460847603
found!!!!!!!!!!!!!!!!!!!
0.82872
1460847603
found!!!!!!!!!!!!!!!!!!!
0.42642
1460847603
found!!!!!!!!!!!!!!!!!!!
0.55767
1460847603
found!!!!!!!!!!!!!!!!!!!
0.5291
1460851203
found!!!!!!!!!!!!!!!!!!!
0.25462
1460851203
found!!!!!!!!!!!!!!!!!!!
0.90311
1460851203
found!!!!!!!!!!!!!!!!!!!
0.68821
1460851203
found!!!!!!!!!!!!!!!!!!!
1.94644
1460851203
found!!!!!!!!!!!!!!!!!!!
1.89295
1460851203
found!!!!!!!!!!!!!!!!!!!
0.48202
1460851203
found!!!!!!!!!!!!!!!!!!!
0.68888
1460851203
found!!!!!!!!!!!!!!!!!!!
1.05548
1460851203
found!!!!!!!!!!!!!!!!!!!
0.73241
1460851203
found!!!!!!!!!!!!!!!!!!!
0.48621
1460851203
found!!!!!!!!!!!!!!!!!!!
1.40298
1460851203
found!!!!!!!!!!!!!!!!!!!
0.71387
1460851203
found!!!!!!!!!!!!!!!!!!!
0.34143
1460851203
found!!!!!!!!!!!!!!!!!!!
1.84253
1460851203
found!!!!!!!!!!!!!!!!!!!
1.94879
1460851203
found!!!!!!!!!!!!!!!!!!!
0.58192
1460851203
found!!!!!!!!!!!!!!!!!!!
0.82872
1460851203
found!!!!!!!!!!!!!!!!!!!
0.42642
1460851203
found!!!!!!!!!!!!!!!!!!!
0.55767
1460851203
found!!!!!!!!!!!!!!!!!!!
0.5291
1460854802
found!!!!!!!!!!!!!!!!!!!
0.25462
1460854802
found!!!!!!!!!!!!!!!!!!!
0.90311
1460854802
found!!!!!!!!!!!!!!!!!!!
0.68821
1460854802
found!!!!!!!!!!!!!!!!!!!
1.94644
1460854802
found!!!!!!!!!!!!!!!!!!!
1.89295
1460854802
found!!!!!!!!!!!!!!!!!!!
0.48202
1460854802
found!!!!!!!!!!!!!!!!!!!
0.68888
1460854802
found!!!!!!!!!!!!!!!!!!!
1.05548
1460854802
found!!!!!!!!!!!!!!!!!!!
0.73241
1460854802
found!!!!!!!!!!!!!!!!!!!
0.48621
1460854802
found!!!!!!!!!!!!!!!!!!!
1.40298
1460854802
found!!!!!!!!!!!!!!!!!!!
0.71387
1460854802
found!!!!!!!!!!!!!!!!!!!
0.34143
1460854802
found!!!!!!!!!!!!!!!!!!!
1.84253
1460854802
found!!!!!!!!!!!!!!!!!!!
1.94879
1460854802
found!!!!!!!!!!!!!!!!!!!
0.58192
1460854802
found!!!!!!!!!!!!!!!!!!!
0.82872
1460854802
found!!!!!!!!!!!!!!!!!!!
0.42642
1460854802
found!!!!!!!!!!!!!!!!!!!
0.55767
1460854802
found!!!!!!!!!!!!!!!!!!!
0.5291
1460858403
found!!!!!!!!!!!!!!!!!!!
0.25462
1460858403
found!!!!!!!!!!!!!!!!!!!
0.90311
1460858403
found!!!!!!!!!!!!!!!!!!!
0.68821
1460858403
found!!!!!!!!!!!!!!!!!!!
1.94644
1460858403
found!!!!!!!!!!!!!!!!!!!
1.89295
1460858403
found!!!!!!!!!!!!!!!!!!!
0.48202
1460858403
found!!!!!!!!!!!!!!!!!!!
0.68888
1460858403
found!!!!!!!!!!!!!!!!!!!
1.05548
1460858403
found!!!!!!!!!!!!!!!!!!!
0.73241
1460858403
found!!!!!!!!!!!!!!!!!!!
0.48621
1460858403
found!!!!!!!!!!!!!!!!!!!
1.40298
1460858403
found!!!!!!!!!!!!!!!!!!!
0.71387
1460858403
found!!!!!!!!!!!!!!!!!!!
0.34143
1460858403
found!!!!!!!!!!!!!!!!!!!
1.84253
1460858403
found!!!!!!!!!!!!!!!!!!!
1.94879
1460858403
found!!!!!!!!!!!!!!!!!!!
0.58192
1460858403
found!!!!!!!!!!!!!!!!!!!
0.82872
1460858403
found!!!!!!!!!!!!!!!!!!!
0.42642
1460858403
found!!!!!!!!!!!!!!!!!!!
0.55767
1460858403
found!!!!!!!!!!!!!!!!!!!
0.5291
1460862002
found!!!!!!!!!!!!!!!!!!!
0.25462
1460862002
found!!!!!!!!!!!!!!!!!!!
0.90311
1460862002
found!!!!!!!!!!!!!!!!!!!
0.68821
1460862002
found!!!!!!!!!!!!!!!!!!!
1.94644
1460862002
found!!!!!!!!!!!!!!!!!!!
1.89295
1460862002
found!!!!!!!!!!!!!!!!!!!
0.48202
1460862002
found!!!!!!!!!!!!!!!!!!!
0.68888
1460862002
found!!!!!!!!!!!!!!!!!!!
1.05548
1460862002
found!!!!!!!!!!!!!!!!!!!
0.73241
1460862002
found!!!!!!!!!!!!!!!!!!!
0.48621
1460862002
found!!!!!!!!!!!!!!!!!!!
1.40298
1460862002
found!!!!!!!!!!!!!!!!!!!
0.71387
1460862002
found!!!!!!!!!!!!!!!!!!!
0.34143
1460862002
found!!!!!!!!!!!!!!!!!!!
1.84253
1460862002
found!!!!!!!!!!!!!!!!!!!
1.94879
1460862002
found!!!!!!!!!!!!!!!!!!!
0.58192
1460862002
found!!!!!!!!!!!!!!!!!!!
0.82872
1460862002
found!!!!!!!!!!!!!!!!!!!
0.42642
1460862002
found!!!!!!!!!!!!!!!!!!!
0.55767
1460862002
found!!!!!!!!!!!!!!!!!!!
0.5291
1460865602
found!!!!!!!!!!!!!!!!!!!
0.25462
1460865602
found!!!!!!!!!!!!!!!!!!!
0.90311
1460865602
found!!!!!!!!!!!!!!!!!!!
0.68821
1460865602
found!!!!!!!!!!!!!!!!!!!
1.94644
1460865602
found!!!!!!!!!!!!!!!!!!!
1.89295
1460865602
found!!!!!!!!!!!!!!!!!!!
0.48202
1460865602
found!!!!!!!!!!!!!!!!!!!
0.68888
1460865602
found!!!!!!!!!!!!!!!!!!!
1.05548
1460865602
found!!!!!!!!!!!!!!!!!!!
0.73241
1460865602
found!!!!!!!!!!!!!!!!!!!
0.48621
1460865602
found!!!!!!!!!!!!!!!!!!!
1.40298
1460865602
found!!!!!!!!!!!!!!!!!!!
0.71387
1460865602
found!!!!!!!!!!!!!!!!!!!
0.34143
1460865602
found!!!!!!!!!!!!!!!!!!!
1.84253
1460865602
found!!!!!!!!!!!!!!!!!!!
1.94879
1460865602
found!!!!!!!!!!!!!!!!!!!
0.58192
1460865602
found!!!!!!!!!!!!!!!!!!!
0.82872
1460865602
found!!!!!!!!!!!!!!!!!!!
0.42642
1460865602
found!!!!!!!!!!!!!!!!!!!
0.55767
1460865602
found!!!!!!!!!!!!!!!!!!!
0.5291
1460869203
found!!!!!!!!!!!!!!!!!!!
0.25462
1460869203
found!!!!!!!!!!!!!!!!!!!
0.90311
1460869203
found!!!!!!!!!!!!!!!!!!!
0.68821
1460869203
found!!!!!!!!!!!!!!!!!!!
1.94644
1460869203
found!!!!!!!!!!!!!!!!!!!
1.89295
1460869203
found!!!!!!!!!!!!!!!!!!!
0.48202
1460869203
found!!!!!!!!!!!!!!!!!!!
0.68888
1460869203
found!!!!!!!!!!!!!!!!!!!
1.05548
1460869203
found!!!!!!!!!!!!!!!!!!!
0.73241
1460869203
found!!!!!!!!!!!!!!!!!!!
0.48621
1460869203
found!!!!!!!!!!!!!!!!!!!
1.40298
1460869203
found!!!!!!!!!!!!!!!!!!!
0.71387
1460869203
found!!!!!!!!!!!!!!!!!!!
0.34143
1460869203
found!!!!!!!!!!!!!!!!!!!
1.84253
1460869203
found!!!!!!!!!!!!!!!!!!!
1.94879
1460869203
found!!!!!!!!!!!!!!!!!!!
0.58192
1460869203
found!!!!!!!!!!!!!!!!!!!
0.82872
1460869203
found!!!!!!!!!!!!!!!!!!!
0.42642
1460869203
found!!!!!!!!!!!!!!!!!!!
0.55767
1460869203
found!!!!!!!!!!!!!!!!!!!
0.5291
1460872804
found!!!!!!!!!!!!!!!!!!!
0.25462
1460872804
found!!!!!!!!!!!!!!!!!!!
0.90311
1460872804
found!!!!!!!!!!!!!!!!!!!
0.68821
1460872804
found!!!!!!!!!!!!!!!!!!!
1.94644
1460872804
found!!!!!!!!!!!!!!!!!!!
1.89295
1460872804
found!!!!!!!!!!!!!!!!!!!
0.48202
1460872804
found!!!!!!!!!!!!!!!!!!!
0.68888
1460872804
found!!!!!!!!!!!!!!!!!!!
1.05548
1460872804
found!!!!!!!!!!!!!!!!!!!
0.73241
1460872804
found!!!!!!!!!!!!!!!!!!!
0.48621
1460872804
found!!!!!!!!!!!!!!!!!!!
1.40298
1460872804
found!!!!!!!!!!!!!!!!!!!
0.71387
1460872804
found!!!!!!!!!!!!!!!!!!!
0.34143
1460872804
found!!!!!!!!!!!!!!!!!!!
1.84253
1460872804
found!!!!!!!!!!!!!!!!!!!
1.94879
1460872804
found!!!!!!!!!!!!!!!!!!!
0.58192
1460872804
found!!!!!!!!!!!!!!!!!!!
0.82872
1460872804
found!!!!!!!!!!!!!!!!!!!
0.42642
1460872804
found!!!!!!!!!!!!!!!!!!!
0.55767
1460872804
found!!!!!!!!!!!!!!!!!!!
0.5291
1460876402
found!!!!!!!!!!!!!!!!!!!
0.25462
1460876402
found!!!!!!!!!!!!!!!!!!!
0.90311
1460876402
found!!!!!!!!!!!!!!!!!!!
0.68821
1460876402
found!!!!!!!!!!!!!!!!!!!
1.94644
1460876402
found!!!!!!!!!!!!!!!!!!!
1.89295
1460876402
found!!!!!!!!!!!!!!!!!!!
0.48202
1460876402
found!!!!!!!!!!!!!!!!!!!
0.68888
1460876402
found!!!!!!!!!!!!!!!!!!!
1.05548
1460876402
found!!!!!!!!!!!!!!!!!!!
0.73241
1460876402
found!!!!!!!!!!!!!!!!!!!
0.48621
1460876402
found!!!!!!!!!!!!!!!!!!!
1.40298
1460876402
found!!!!!!!!!!!!!!!!!!!
0.71387
1460876402
found!!!!!!!!!!!!!!!!!!!
0.34143
1460876402
found!!!!!!!!!!!!!!!!!!!
1.84253
1460876402
found!!!!!!!!!!!!!!!!!!!
1.94879
1460876402
found!!!!!!!!!!!!!!!!!!!
0.58192
1460876402
found!!!!!!!!!!!!!!!!!!!
0.82872
1460876402
found!!!!!!!!!!!!!!!!!!!
0.42642
1460876402
found!!!!!!!!!!!!!!!!!!!
0.55767
1460876402
found!!!!!!!!!!!!!!!!!!!
0.5291
1460880002
found!!!!!!!!!!!!!!!!!!!
0.25462
1460880002
found!!!!!!!!!!!!!!!!!!!
0.90311
1460880002
found!!!!!!!!!!!!!!!!!!!
0.68821
1460880002
found!!!!!!!!!!!!!!!!!!!
1.94644
1460880002
found!!!!!!!!!!!!!!!!!!!
1.89295
1460880002
found!!!!!!!!!!!!!!!!!!!
0.48202
1460880002
found!!!!!!!!!!!!!!!!!!!
0.68888
1460880002
found!!!!!!!!!!!!!!!!!!!
1.05548
1460880002
found!!!!!!!!!!!!!!!!!!!
0.73241
1460880002
found!!!!!!!!!!!!!!!!!!!
0.48621
1460880002
found!!!!!!!!!!!!!!!!!!!
1.40298
1460880002
found!!!!!!!!!!!!!!!!!!!
0.71387
1460880002
found!!!!!!!!!!!!!!!!!!!
0.34143
1460880002
found!!!!!!!!!!!!!!!!!!!
1.84253
1460880002
found!!!!!!!!!!!!!!!!!!!
1.94879
1460880002
found!!!!!!!!!!!!!!!!!!!
0.58192
1460880002
found!!!!!!!!!!!!!!!!!!!
0.82872
1460880002
found!!!!!!!!!!!!!!!!!!!
0.42642
1460880002
found!!!!!!!!!!!!!!!!!!!
0.55767
1460880002
found!!!!!!!!!!!!!!!!!!!
0.5291
1460883603
found!!!!!!!!!!!!!!!!!!!
0.25462
1460883603
found!!!!!!!!!!!!!!!!!!!
0.90311
1460883603
found!!!!!!!!!!!!!!!!!!!
0.68821
1460883603
found!!!!!!!!!!!!!!!!!!!
1.94644
1460883603
found!!!!!!!!!!!!!!!!!!!
1.89295
1460883603
found!!!!!!!!!!!!!!!!!!!
0.48202
1460883603
found!!!!!!!!!!!!!!!!!!!
0.68888
1460883603
found!!!!!!!!!!!!!!!!!!!
1.05548
1460883603
found!!!!!!!!!!!!!!!!!!!
0.73241
1460883603
found!!!!!!!!!!!!!!!!!!!
0.48621
1460883603
found!!!!!!!!!!!!!!!!!!!
1.40298
1460883603
found!!!!!!!!!!!!!!!!!!!
0.71387
1460883603
found!!!!!!!!!!!!!!!!!!!
0.34143
1460883603
found!!!!!!!!!!!!!!!!!!!
1.84253
1460883603
found!!!!!!!!!!!!!!!!!!!
1.94879
1460883603
found!!!!!!!!!!!!!!!!!!!
0.58192
1460883603
found!!!!!!!!!!!!!!!!!!!
0.82872
1460883603
found!!!!!!!!!!!!!!!!!!!
0.42642
1460883603
found!!!!!!!!!!!!!!!!!!!
0.55767
1460883603
found!!!!!!!!!!!!!!!!!!!
0.5291
1460887203
found!!!!!!!!!!!!!!!!!!!
0.25462
1460887203
found!!!!!!!!!!!!!!!!!!!
0.90311
1460887203
found!!!!!!!!!!!!!!!!!!!
0.68821
1460887203
found!!!!!!!!!!!!!!!!!!!
1.94644
1460887203
found!!!!!!!!!!!!!!!!!!!
1.89295
1460887203
found!!!!!!!!!!!!!!!!!!!
0.48202
1460887203
found!!!!!!!!!!!!!!!!!!!
0.68888
1460887203
found!!!!!!!!!!!!!!!!!!!
1.05548
1460887203
found!!!!!!!!!!!!!!!!!!!
0.73241
1460887203
found!!!!!!!!!!!!!!!!!!!
0.48621
1460887203
found!!!!!!!!!!!!!!!!!!!
1.40298
1460887203
found!!!!!!!!!!!!!!!!!!!
0.71387
1460887203
found!!!!!!!!!!!!!!!!!!!
0.34143
1460887203
found!!!!!!!!!!!!!!!!!!!
1.84253
1460887203
found!!!!!!!!!!!!!!!!!!!
1.94879
1460887203
found!!!!!!!!!!!!!!!!!!!
0.58192
1460887203
found!!!!!!!!!!!!!!!!!!!
0.82872
1460887203
found!!!!!!!!!!!!!!!!!!!
0.42642
1460887203
found!!!!!!!!!!!!!!!!!!!
0.55767
1460887203
found!!!!!!!!!!!!!!!!!!!
0.5291
1460890803
found!!!!!!!!!!!!!!!!!!!
0.25462
1460890803
found!!!!!!!!!!!!!!!!!!!
0.90311
1460890803
found!!!!!!!!!!!!!!!!!!!
0.68821
1460890803
found!!!!!!!!!!!!!!!!!!!
1.94644
1460890803
found!!!!!!!!!!!!!!!!!!!
1.89295
1460890803
found!!!!!!!!!!!!!!!!!!!
0.48202
1460890803
found!!!!!!!!!!!!!!!!!!!
0.68888
1460890803
found!!!!!!!!!!!!!!!!!!!
1.05548
1460890803
found!!!!!!!!!!!!!!!!!!!
0.73241
1460890803
found!!!!!!!!!!!!!!!!!!!
0.48621
1460890803
found!!!!!!!!!!!!!!!!!!!
1.40298
1460890803
found!!!!!!!!!!!!!!!!!!!
0.71387
1460890803
found!!!!!!!!!!!!!!!!!!!
0.34143
1460890803
found!!!!!!!!!!!!!!!!!!!
1.84253
1460890803
found!!!!!!!!!!!!!!!!!!!
1.94879
1460890803
found!!!!!!!!!!!!!!!!!!!
0.58192
1460890803
found!!!!!!!!!!!!!!!!!!!
0.82872
1460890803
found!!!!!!!!!!!!!!!!!!!
0.42642
1460890803
found!!!!!!!!!!!!!!!!!!!
0.55767
1460890803
found!!!!!!!!!!!!!!!!!!!
0.5291
1460894403
found!!!!!!!!!!!!!!!!!!!
0.25462
1460894403
found!!!!!!!!!!!!!!!!!!!
0.90311
1460894403
found!!!!!!!!!!!!!!!!!!!
0.68821
1460894403
found!!!!!!!!!!!!!!!!!!!
1.94644
1460894403
found!!!!!!!!!!!!!!!!!!!
1.89295
1460894403
found!!!!!!!!!!!!!!!!!!!
0.48202
1460894403
found!!!!!!!!!!!!!!!!!!!
0.68888
1460894403
found!!!!!!!!!!!!!!!!!!!
1.05548
1460894403
found!!!!!!!!!!!!!!!!!!!
0.73241
1460894403
found!!!!!!!!!!!!!!!!!!!
0.48621
1460894403
found!!!!!!!!!!!!!!!!!!!
1.40298
1460894403
found!!!!!!!!!!!!!!!!!!!
0.71387
1460894403
found!!!!!!!!!!!!!!!!!!!
0.34143
1460894403
found!!!!!!!!!!!!!!!!!!!
1.84253
1460894403
found!!!!!!!!!!!!!!!!!!!
1.94879
1460894403
found!!!!!!!!!!!!!!!!!!!
0.58192
1460894403
found!!!!!!!!!!!!!!!!!!!
0.82872
1460894403
found!!!!!!!!!!!!!!!!!!!
0.42642
1460894403
found!!!!!!!!!!!!!!!!!!!
0.55767
1460894403
found!!!!!!!!!!!!!!!!!!!
0.5291
1460898002
found!!!!!!!!!!!!!!!!!!!
0.25462
1460898002
found!!!!!!!!!!!!!!!!!!!
0.90311
1460898002
found!!!!!!!!!!!!!!!!!!!
0.68821
1460898002
found!!!!!!!!!!!!!!!!!!!
1.94644
1460898002
found!!!!!!!!!!!!!!!!!!!
1.89295
1460898002
found!!!!!!!!!!!!!!!!!!!
0.48202
1460898002
found!!!!!!!!!!!!!!!!!!!
0.68888
1460898002
found!!!!!!!!!!!!!!!!!!!
1.05548
1460898002
found!!!!!!!!!!!!!!!!!!!
0.73241
1460898002
found!!!!!!!!!!!!!!!!!!!
0.48621
1460898002
found!!!!!!!!!!!!!!!!!!!
1.40298
1460898002
found!!!!!!!!!!!!!!!!!!!
0.71387
1460898002
found!!!!!!!!!!!!!!!!!!!
0.34143
1460898002
found!!!!!!!!!!!!!!!!!!!
1.84253
1460898002
found!!!!!!!!!!!!!!!!!!!
1.94879
1460898002
found!!!!!!!!!!!!!!!!!!!
0.58192
1460898002
found!!!!!!!!!!!!!!!!!!!
0.82872
1460898002
found!!!!!!!!!!!!!!!!!!!
0.42642
1460898002
found!!!!!!!!!!!!!!!!!!!
0.55767
1460898002
found!!!!!!!!!!!!!!!!!!!
0.5291
1460901602
found!!!!!!!!!!!!!!!!!!!
0.25462
1460901602
found!!!!!!!!!!!!!!!!!!!
0.90311
1460901602
found!!!!!!!!!!!!!!!!!!!
0.68821
1460901602
found!!!!!!!!!!!!!!!!!!!
1.94644
1460901602
found!!!!!!!!!!!!!!!!!!!
1.89295
1460901602
found!!!!!!!!!!!!!!!!!!!
0.48202
1460901602
found!!!!!!!!!!!!!!!!!!!
0.68888
1460901602
found!!!!!!!!!!!!!!!!!!!
1.05548
1460901602
found!!!!!!!!!!!!!!!!!!!
0.73241
1460901602
found!!!!!!!!!!!!!!!!!!!
0.48621
1460901602
found!!!!!!!!!!!!!!!!!!!
1.40298
1460901602
found!!!!!!!!!!!!!!!!!!!
0.71387
1460901602
found!!!!!!!!!!!!!!!!!!!
0.34143
1460901602
found!!!!!!!!!!!!!!!!!!!
1.84253
1460901602
found!!!!!!!!!!!!!!!!!!!
1.94879
1460901602
found!!!!!!!!!!!!!!!!!!!
0.58192
1460901602
found!!!!!!!!!!!!!!!!!!!
0.82872
1460901602
found!!!!!!!!!!!!!!!!!!!
0.42642
1460901602
found!!!!!!!!!!!!!!!!!!!
0.55767
1460901602
found!!!!!!!!!!!!!!!!!!!
0.5291
1460905202
found!!!!!!!!!!!!!!!!!!!
0.25462
1460905202
found!!!!!!!!!!!!!!!!!!!
0.90311
1460905202
found!!!!!!!!!!!!!!!!!!!
0.68821
1460905202
found!!!!!!!!!!!!!!!!!!!
1.94644
1460905202
found!!!!!!!!!!!!!!!!!!!
1.89295
1460905202
found!!!!!!!!!!!!!!!!!!!
0.48202
1460905202
found!!!!!!!!!!!!!!!!!!!
0.68888
1460905202
found!!!!!!!!!!!!!!!!!!!
1.05548
1460905202
found!!!!!!!!!!!!!!!!!!!
0.73241
1460905202
found!!!!!!!!!!!!!!!!!!!
0.48621
1460905202
found!!!!!!!!!!!!!!!!!!!
1.40298
1460905202
found!!!!!!!!!!!!!!!!!!!
0.71387
1460905202
found!!!!!!!!!!!!!!!!!!!
0.34143
1460905202
found!!!!!!!!!!!!!!!!!!!
1.84253
1460905202
found!!!!!!!!!!!!!!!!!!!
1.94879
1460905202
found!!!!!!!!!!!!!!!!!!!
0.58192
1460905202
found!!!!!!!!!!!!!!!!!!!
0.82872
1460905202
found!!!!!!!!!!!!!!!!!!!
0.42642
1460905202
found!!!!!!!!!!!!!!!!!!!
0.55767
1460905202
found!!!!!!!!!!!!!!!!!!!
0.5291
1460908802
found!!!!!!!!!!!!!!!!!!!
0.25462
1460908802
found!!!!!!!!!!!!!!!!!!!
0.90311
1460908802
found!!!!!!!!!!!!!!!!!!!
0.68821
1460908802
found!!!!!!!!!!!!!!!!!!!
1.94644
1460908802
found!!!!!!!!!!!!!!!!!!!
1.89295
1460908802
found!!!!!!!!!!!!!!!!!!!
0.48202
1460908802
found!!!!!!!!!!!!!!!!!!!
0.68888
1460908802
found!!!!!!!!!!!!!!!!!!!
1.05548
1460908802
found!!!!!!!!!!!!!!!!!!!
0.73241
1460908802
found!!!!!!!!!!!!!!!!!!!
0.48621
1460908802
found!!!!!!!!!!!!!!!!!!!
1.40298
1460908802
found!!!!!!!!!!!!!!!!!!!
0.71387
1460908802
found!!!!!!!!!!!!!!!!!!!
0.34143
1460908802
found!!!!!!!!!!!!!!!!!!!
1.84253
1460908802
found!!!!!!!!!!!!!!!!!!!
1.94879
1460908802
found!!!!!!!!!!!!!!!!!!!
0.58192
1460908802
found!!!!!!!!!!!!!!!!!!!
0.82872
1460908802
found!!!!!!!!!!!!!!!!!!!
0.42642
1460908802
found!!!!!!!!!!!!!!!!!!!
0.55767
1460908802
found!!!!!!!!!!!!!!!!!!!
0.5291
1460912402
found!!!!!!!!!!!!!!!!!!!
0.25462
1460912402
found!!!!!!!!!!!!!!!!!!!
0.90311
1460912402
found!!!!!!!!!!!!!!!!!!!
0.68821
1460912402
found!!!!!!!!!!!!!!!!!!!
1.94644
1460912402
found!!!!!!!!!!!!!!!!!!!
1.89295
1460912402
found!!!!!!!!!!!!!!!!!!!
0.48202
1460912402
found!!!!!!!!!!!!!!!!!!!
0.68888
1460912402
found!!!!!!!!!!!!!!!!!!!
1.05548
1460912402
found!!!!!!!!!!!!!!!!!!!
0.73241
1460912402
found!!!!!!!!!!!!!!!!!!!
0.48621
1460912402
found!!!!!!!!!!!!!!!!!!!
1.40298
1460912402
found!!!!!!!!!!!!!!!!!!!
0.71387
1460912402
found!!!!!!!!!!!!!!!!!!!
0.34143
1460912402
found!!!!!!!!!!!!!!!!!!!
1.84253
1460912402
found!!!!!!!!!!!!!!!!!!!
1.94879
1460912402
found!!!!!!!!!!!!!!!!!!!
0.58192
1460912402
found!!!!!!!!!!!!!!!!!!!
0.82872
1460912402
found!!!!!!!!!!!!!!!!!!!
0.42642
1460912402
found!!!!!!!!!!!!!!!!!!!
0.55767
1460912402
found!!!!!!!!!!!!!!!!!!!
0.5291
1460916003
found!!!!!!!!!!!!!!!!!!!
0.25462
1460916003
found!!!!!!!!!!!!!!!!!!!
0.90311
1460916003
found!!!!!!!!!!!!!!!!!!!
0.68821
1460916003
found!!!!!!!!!!!!!!!!!!!
1.94644
1460916003
found!!!!!!!!!!!!!!!!!!!
1.89295
1460916003
found!!!!!!!!!!!!!!!!!!!
0.48202
1460916003
found!!!!!!!!!!!!!!!!!!!
0.68888
1460916003
found!!!!!!!!!!!!!!!!!!!
1.05548
1460916003
found!!!!!!!!!!!!!!!!!!!
0.73241
1460916003
found!!!!!!!!!!!!!!!!!!!
0.48621
1460916003
found!!!!!!!!!!!!!!!!!!!
1.40298
1460916003
found!!!!!!!!!!!!!!!!!!!
0.71387
1460916003
found!!!!!!!!!!!!!!!!!!!
0.34143
1460916003
found!!!!!!!!!!!!!!!!!!!
1.84253
1460916003
found!!!!!!!!!!!!!!!!!!!
1.94879
1460916003
found!!!!!!!!!!!!!!!!!!!
0.58192
1460916003
found!!!!!!!!!!!!!!!!!!!
0.82872
1460916003
found!!!!!!!!!!!!!!!!!!!
0.42642
1460916003
found!!!!!!!!!!!!!!!!!!!
0.55767
1460916003
found!!!!!!!!!!!!!!!!!!!
0.5291
1460919602
found!!!!!!!!!!!!!!!!!!!
0.25462
1460919602
found!!!!!!!!!!!!!!!!!!!
0.90311
1460919602
found!!!!!!!!!!!!!!!!!!!
0.68821
1460919602
found!!!!!!!!!!!!!!!!!!!
1.94644
1460919602
found!!!!!!!!!!!!!!!!!!!
1.89295
1460919602
found!!!!!!!!!!!!!!!!!!!
0.48202
1460919602
found!!!!!!!!!!!!!!!!!!!
0.68888
1460919602
found!!!!!!!!!!!!!!!!!!!
1.05548
1460919602
found!!!!!!!!!!!!!!!!!!!
0.73241
1460919602
found!!!!!!!!!!!!!!!!!!!
0.48621
1460919602
found!!!!!!!!!!!!!!!!!!!
1.40298
1460919602
found!!!!!!!!!!!!!!!!!!!
0.71387
1460919602
found!!!!!!!!!!!!!!!!!!!
0.34143
1460919602
found!!!!!!!!!!!!!!!!!!!
1.84253
1460919602
found!!!!!!!!!!!!!!!!!!!
1.94879
1460919602
found!!!!!!!!!!!!!!!!!!!
0.58192
1460919602
found!!!!!!!!!!!!!!!!!!!
0.82872
1460919602
found!!!!!!!!!!!!!!!!!!!
0.42642
1460919602
found!!!!!!!!!!!!!!!!!!!
0.55767
1460919602
found!!!!!!!!!!!!!!!!!!!
0.5291
1460923203
found!!!!!!!!!!!!!!!!!!!
0.25462
1460923203
found!!!!!!!!!!!!!!!!!!!
0.90311
1460923203
found!!!!!!!!!!!!!!!!!!!
0.68821
1460923203
found!!!!!!!!!!!!!!!!!!!
1.94644
1460923203
found!!!!!!!!!!!!!!!!!!!
1.89295
1460923203
found!!!!!!!!!!!!!!!!!!!
0.48202
1460923203
found!!!!!!!!!!!!!!!!!!!
0.68888
1460923203
found!!!!!!!!!!!!!!!!!!!
1.05548
1460923203
found!!!!!!!!!!!!!!!!!!!
0.73241
1460923203
found!!!!!!!!!!!!!!!!!!!
0.48621
1460923203
found!!!!!!!!!!!!!!!!!!!
1.40298
1460923203
found!!!!!!!!!!!!!!!!!!!
0.71387
1460923203
found!!!!!!!!!!!!!!!!!!!
0.34143
1460923203
found!!!!!!!!!!!!!!!!!!!
1.84253
1460923203
found!!!!!!!!!!!!!!!!!!!
1.94879
1460923203
found!!!!!!!!!!!!!!!!!!!
0.58192
1460923203
found!!!!!!!!!!!!!!!!!!!
0.82872
1460923203
found!!!!!!!!!!!!!!!!!!!
0.42642
1460923203
found!!!!!!!!!!!!!!!!!!!
0.55767
1460923203
found!!!!!!!!!!!!!!!!!!!
0.5291
1460926802
found!!!!!!!!!!!!!!!!!!!
0.25462
1460926802
found!!!!!!!!!!!!!!!!!!!
0.90311
1460926802
found!!!!!!!!!!!!!!!!!!!
0.68821
1460926802
found!!!!!!!!!!!!!!!!!!!
1.94644
1460926802
found!!!!!!!!!!!!!!!!!!!
1.89295
1460926802
found!!!!!!!!!!!!!!!!!!!
0.48202
1460926802
found!!!!!!!!!!!!!!!!!!!
0.68888
1460926802
found!!!!!!!!!!!!!!!!!!!
1.05548
1460926802
found!!!!!!!!!!!!!!!!!!!
0.73241
1460926802
found!!!!!!!!!!!!!!!!!!!
0.48621
1460926802
found!!!!!!!!!!!!!!!!!!!
1.40298
1460926802
found!!!!!!!!!!!!!!!!!!!
0.71387
1460926802
found!!!!!!!!!!!!!!!!!!!
0.34143
1460926802
found!!!!!!!!!!!!!!!!!!!
1.84253
1460926802
found!!!!!!!!!!!!!!!!!!!
1.94879
1460926802
found!!!!!!!!!!!!!!!!!!!
0.58192
1460926802
found!!!!!!!!!!!!!!!!!!!
0.82872
1460926802
found!!!!!!!!!!!!!!!!!!!
0.42642
1460926802
found!!!!!!!!!!!!!!!!!!!
0.55767
1460926802
found!!!!!!!!!!!!!!!!!!!
0.5291
1460930403
found!!!!!!!!!!!!!!!!!!!
0.25462
1460930403
found!!!!!!!!!!!!!!!!!!!
0.90311
1460930403
found!!!!!!!!!!!!!!!!!!!
0.68821
1460930403
found!!!!!!!!!!!!!!!!!!!
1.94644
1460930403
found!!!!!!!!!!!!!!!!!!!
1.89295
1460930403
found!!!!!!!!!!!!!!!!!!!
0.48202
1460930403
found!!!!!!!!!!!!!!!!!!!
0.68888
1460930403
found!!!!!!!!!!!!!!!!!!!
1.05548
1460930403
found!!!!!!!!!!!!!!!!!!!
0.73241
1460930403
found!!!!!!!!!!!!!!!!!!!
0.48621
1460930403
found!!!!!!!!!!!!!!!!!!!
1.40298
1460930403
found!!!!!!!!!!!!!!!!!!!
0.71387
1460930403
found!!!!!!!!!!!!!!!!!!!
0.34143
1460930403
found!!!!!!!!!!!!!!!!!!!
1.84253
1460930403
found!!!!!!!!!!!!!!!!!!!
1.94879
1460930403
found!!!!!!!!!!!!!!!!!!!
0.58192
1460930403
found!!!!!!!!!!!!!!!!!!!
0.82872
1460930403
found!!!!!!!!!!!!!!!!!!!
0.42642
1460930403
found!!!!!!!!!!!!!!!!!!!
0.55767
1460930403
found!!!!!!!!!!!!!!!!!!!
0.5291
1460934002
found!!!!!!!!!!!!!!!!!!!
0.25462
1460934002
found!!!!!!!!!!!!!!!!!!!
0.90311
1460934002
found!!!!!!!!!!!!!!!!!!!
0.68821
1460934002
found!!!!!!!!!!!!!!!!!!!
1.94644
1460934002
found!!!!!!!!!!!!!!!!!!!
1.89295
1460934002
found!!!!!!!!!!!!!!!!!!!
0.48202
1460934002
found!!!!!!!!!!!!!!!!!!!
0.68888
1460934002
found!!!!!!!!!!!!!!!!!!!
1.05548
1460934002
found!!!!!!!!!!!!!!!!!!!
0.73241
1460934002
found!!!!!!!!!!!!!!!!!!!
0.48621
1460934002
found!!!!!!!!!!!!!!!!!!!
1.40298
1460934002
found!!!!!!!!!!!!!!!!!!!
0.71387
1460934002
found!!!!!!!!!!!!!!!!!!!
0.34143
1460934002
found!!!!!!!!!!!!!!!!!!!
1.84253
1460934002
found!!!!!!!!!!!!!!!!!!!
1.94879
1460934002
found!!!!!!!!!!!!!!!!!!!
0.58192
1460934002
found!!!!!!!!!!!!!!!!!!!
0.82872
1460934002
found!!!!!!!!!!!!!!!!!!!
0.42642
1460934002
found!!!!!!!!!!!!!!!!!!!
0.55767
1460934002
found!!!!!!!!!!!!!!!!!!!
0.5291
1460937602
found!!!!!!!!!!!!!!!!!!!
0.25462
1460937602
found!!!!!!!!!!!!!!!!!!!
0.90311
1460937602
found!!!!!!!!!!!!!!!!!!!
0.68821
1460937602
found!!!!!!!!!!!!!!!!!!!
1.94644
1460937602
found!!!!!!!!!!!!!!!!!!!
1.89295
1460937602
found!!!!!!!!!!!!!!!!!!!
0.48202
1460937602
found!!!!!!!!!!!!!!!!!!!
0.68888
1460937602
found!!!!!!!!!!!!!!!!!!!
1.05548
1460937602
found!!!!!!!!!!!!!!!!!!!
0.73241
1460937602
found!!!!!!!!!!!!!!!!!!!
0.48621
1460937602
found!!!!!!!!!!!!!!!!!!!
1.40298
1460937602
found!!!!!!!!!!!!!!!!!!!
0.71387
1460937602
found!!!!!!!!!!!!!!!!!!!
0.34143
1460937602
found!!!!!!!!!!!!!!!!!!!
1.84253
1460937602
found!!!!!!!!!!!!!!!!!!!
1.94879
1460937602
found!!!!!!!!!!!!!!!!!!!
0.58192
1460937602
found!!!!!!!!!!!!!!!!!!!
0.82872
1460937602
found!!!!!!!!!!!!!!!!!!!
0.42642
1460937602
found!!!!!!!!!!!!!!!!!!!
0.55767
1460937602
found!!!!!!!!!!!!!!!!!!!
0.5291
1460941202
found!!!!!!!!!!!!!!!!!!!
0.25462
1460941202
found!!!!!!!!!!!!!!!!!!!
0.90311
1460941202
found!!!!!!!!!!!!!!!!!!!
0.68821
1460941202
found!!!!!!!!!!!!!!!!!!!
1.94644
1460941202
found!!!!!!!!!!!!!!!!!!!
1.89295
1460941202
found!!!!!!!!!!!!!!!!!!!
0.48202
1460941202
found!!!!!!!!!!!!!!!!!!!
0.68888
1460941202
found!!!!!!!!!!!!!!!!!!!
1.05548
1460941202
found!!!!!!!!!!!!!!!!!!!
0.73241
1460941202
found!!!!!!!!!!!!!!!!!!!
0.48621
1460941202
found!!!!!!!!!!!!!!!!!!!
1.40298
1460941202
found!!!!!!!!!!!!!!!!!!!
0.71387
1460941202
found!!!!!!!!!!!!!!!!!!!
0.34143
1460941202
found!!!!!!!!!!!!!!!!!!!
1.84253
1460941202
found!!!!!!!!!!!!!!!!!!!
1.94879
1460941202
found!!!!!!!!!!!!!!!!!!!
0.58192
1460941202
found!!!!!!!!!!!!!!!!!!!
0.82872
1460941202
found!!!!!!!!!!!!!!!!!!!
0.42642
1460941202
found!!!!!!!!!!!!!!!!!!!
0.55767
1460941202
found!!!!!!!!!!!!!!!!!!!
0.5291
1460944802
found!!!!!!!!!!!!!!!!!!!
0.25462
1460944802
found!!!!!!!!!!!!!!!!!!!
0.90311
1460944802
found!!!!!!!!!!!!!!!!!!!
0.68821
1460944802
found!!!!!!!!!!!!!!!!!!!
1.94644
1460944802
found!!!!!!!!!!!!!!!!!!!
1.89295
1460944802
found!!!!!!!!!!!!!!!!!!!
0.48202
1460944802
found!!!!!!!!!!!!!!!!!!!
0.68888
1460944802
found!!!!!!!!!!!!!!!!!!!
1.05548
1460944802
found!!!!!!!!!!!!!!!!!!!
0.73241
1460944802
found!!!!!!!!!!!!!!!!!!!
0.48621
1460944802
found!!!!!!!!!!!!!!!!!!!
1.40298
1460944802
found!!!!!!!!!!!!!!!!!!!
0.71387
1460944802
found!!!!!!!!!!!!!!!!!!!
0.34143
1460944802
found!!!!!!!!!!!!!!!!!!!
1.84253
1460944802
found!!!!!!!!!!!!!!!!!!!
1.94879
1460944802
found!!!!!!!!!!!!!!!!!!!
0.58192
1460944802
found!!!!!!!!!!!!!!!!!!!
0.82872
1460944802
found!!!!!!!!!!!!!!!!!!!
0.42642
1460944802
found!!!!!!!!!!!!!!!!!!!
0.55767
1460944802
found!!!!!!!!!!!!!!!!!!!
0.5291
1460948402
found!!!!!!!!!!!!!!!!!!!
0.25462
1460948402
found!!!!!!!!!!!!!!!!!!!
0.90311
1460948402
found!!!!!!!!!!!!!!!!!!!
0.68821
1460948402
found!!!!!!!!!!!!!!!!!!!
1.94644
1460948402
found!!!!!!!!!!!!!!!!!!!
1.89295
1460948402
found!!!!!!!!!!!!!!!!!!!
0.48202
1460948402
found!!!!!!!!!!!!!!!!!!!
0.68888
1460948402
found!!!!!!!!!!!!!!!!!!!
1.05548
1460948402
found!!!!!!!!!!!!!!!!!!!
0.73241
1460948402
found!!!!!!!!!!!!!!!!!!!
0.48621
1460948402
found!!!!!!!!!!!!!!!!!!!
1.40298
1460948402
found!!!!!!!!!!!!!!!!!!!
0.71387
1460948402
found!!!!!!!!!!!!!!!!!!!
0.34143
1460948402
found!!!!!!!!!!!!!!!!!!!
1.84253
1460948402
found!!!!!!!!!!!!!!!!!!!
1.94879
1460948402
found!!!!!!!!!!!!!!!!!!!
0.58192
1460948402
found!!!!!!!!!!!!!!!!!!!
0.82872
1460948402
found!!!!!!!!!!!!!!!!!!!
0.42642
1460948402
found!!!!!!!!!!!!!!!!!!!
0.55767
1460948402
found!!!!!!!!!!!!!!!!!!!
0.5291
1460952002
found!!!!!!!!!!!!!!!!!!!
0.25462
1460952002
found!!!!!!!!!!!!!!!!!!!
0.90311
1460952002
found!!!!!!!!!!!!!!!!!!!
0.68821
1460952002
found!!!!!!!!!!!!!!!!!!!
1.94644
1460952002
found!!!!!!!!!!!!!!!!!!!
1.89295
1460952002
found!!!!!!!!!!!!!!!!!!!
0.48202
1460952002
found!!!!!!!!!!!!!!!!!!!
0.68888
1460952002
found!!!!!!!!!!!!!!!!!!!
1.05548
1460952002
found!!!!!!!!!!!!!!!!!!!
0.73241
1460952002
found!!!!!!!!!!!!!!!!!!!
0.48621
1460952002
found!!!!!!!!!!!!!!!!!!!
1.40298
1460952002
found!!!!!!!!!!!!!!!!!!!
0.71387
1460952002
found!!!!!!!!!!!!!!!!!!!
0.34143
1460952002
found!!!!!!!!!!!!!!!!!!!
1.84253
1460952002
found!!!!!!!!!!!!!!!!!!!
1.94879
1460952002
found!!!!!!!!!!!!!!!!!!!
0.58192
1460952002
found!!!!!!!!!!!!!!!!!!!
0.82872
1460952002
found!!!!!!!!!!!!!!!!!!!
0.42642
1460952002
found!!!!!!!!!!!!!!!!!!!
0.55767
1460952002
found!!!!!!!!!!!!!!!!!!!
0.5291
1460955602
found!!!!!!!!!!!!!!!!!!!
0.25462
1460955602
found!!!!!!!!!!!!!!!!!!!
0.90311
1460955602
found!!!!!!!!!!!!!!!!!!!
0.68821
1460955602
found!!!!!!!!!!!!!!!!!!!
1.94644
1460955602
found!!!!!!!!!!!!!!!!!!!
1.89295
1460955602
found!!!!!!!!!!!!!!!!!!!
0.48202
1460955602
found!!!!!!!!!!!!!!!!!!!
0.68888
1460955602
found!!!!!!!!!!!!!!!!!!!
1.05548
1460955602
found!!!!!!!!!!!!!!!!!!!
0.73241
1460955602
found!!!!!!!!!!!!!!!!!!!
0.48621
1460955602
found!!!!!!!!!!!!!!!!!!!
1.40298
1460955602
found!!!!!!!!!!!!!!!!!!!
0.71387
1460955602
found!!!!!!!!!!!!!!!!!!!
0.34143
1460955602
found!!!!!!!!!!!!!!!!!!!
1.84253
1460955602
found!!!!!!!!!!!!!!!!!!!
1.94879
1460955602
found!!!!!!!!!!!!!!!!!!!
0.58192
1460955602
found!!!!!!!!!!!!!!!!!!!
0.82872
1460955602
found!!!!!!!!!!!!!!!!!!!
0.42642
1460955602
found!!!!!!!!!!!!!!!!!!!
0.55767
1460955602
found!!!!!!!!!!!!!!!!!!!
0.5291
1460959203
found!!!!!!!!!!!!!!!!!!!
0.25462
1460959203
found!!!!!!!!!!!!!!!!!!!
0.90311
1460959203
found!!!!!!!!!!!!!!!!!!!
0.68821
1460959203
found!!!!!!!!!!!!!!!!!!!
1.94644
1460959203
found!!!!!!!!!!!!!!!!!!!
1.89295
1460959203
found!!!!!!!!!!!!!!!!!!!
0.48202
1460959203
found!!!!!!!!!!!!!!!!!!!
0.68888
1460959203
found!!!!!!!!!!!!!!!!!!!
1.05548
1460959203
found!!!!!!!!!!!!!!!!!!!
0.73241
1460959203
found!!!!!!!!!!!!!!!!!!!
0.48621
1460959203
found!!!!!!!!!!!!!!!!!!!
1.40298
1460959203
found!!!!!!!!!!!!!!!!!!!
0.71387
1460959203
found!!!!!!!!!!!!!!!!!!!
0.34143
1460959203
found!!!!!!!!!!!!!!!!!!!
1.84253
1460959203
found!!!!!!!!!!!!!!!!!!!
1.94879
1460959203
found!!!!!!!!!!!!!!!!!!!
0.58192
1460959203
found!!!!!!!!!!!!!!!!!!!
0.82872
1460959203
found!!!!!!!!!!!!!!!!!!!
0.42642
1460959203
found!!!!!!!!!!!!!!!!!!!
0.55767
1460959203
found!!!!!!!!!!!!!!!!!!!
0.5291
1460962802
found!!!!!!!!!!!!!!!!!!!
0.25462
1460962802
found!!!!!!!!!!!!!!!!!!!
0.90311
1460962802
found!!!!!!!!!!!!!!!!!!!
0.68821
1460962802
found!!!!!!!!!!!!!!!!!!!
1.94644
1460962802
found!!!!!!!!!!!!!!!!!!!
1.89295
1460962802
found!!!!!!!!!!!!!!!!!!!
0.48202
1460962802
found!!!!!!!!!!!!!!!!!!!
0.68888
1460962802
found!!!!!!!!!!!!!!!!!!!
1.05548
1460962802
found!!!!!!!!!!!!!!!!!!!
0.73241
1460962802
found!!!!!!!!!!!!!!!!!!!
0.48621
1460962802
found!!!!!!!!!!!!!!!!!!!
1.40298
1460962802
found!!!!!!!!!!!!!!!!!!!
0.71387
1460962802
found!!!!!!!!!!!!!!!!!!!
0.34143
1460962802
found!!!!!!!!!!!!!!!!!!!
1.84253
1460962802
found!!!!!!!!!!!!!!!!!!!
1.94879
1460962802
found!!!!!!!!!!!!!!!!!!!
0.58192
1460962802
found!!!!!!!!!!!!!!!!!!!
0.82872
1460962802
found!!!!!!!!!!!!!!!!!!!
0.42642
1460962802
found!!!!!!!!!!!!!!!!!!!
0.55767
1460962802
found!!!!!!!!!!!!!!!!!!!
0.5291
1460966403
found!!!!!!!!!!!!!!!!!!!
0.25462
1460966403
found!!!!!!!!!!!!!!!!!!!
0.90311
1460966403
found!!!!!!!!!!!!!!!!!!!
0.68821
1460966403
found!!!!!!!!!!!!!!!!!!!
1.94644
1460966403
found!!!!!!!!!!!!!!!!!!!
1.89295
1460966403
found!!!!!!!!!!!!!!!!!!!
0.48202
1460966403
found!!!!!!!!!!!!!!!!!!!
0.68888
1460966403
found!!!!!!!!!!!!!!!!!!!
1.05548
1460966403
found!!!!!!!!!!!!!!!!!!!
0.73241
1460966403
found!!!!!!!!!!!!!!!!!!!
0.48621
1460966403
found!!!!!!!!!!!!!!!!!!!
1.40298
1460966403
found!!!!!!!!!!!!!!!!!!!
0.71387
1460966403
found!!!!!!!!!!!!!!!!!!!
0.34143
1460966403
found!!!!!!!!!!!!!!!!!!!
1.84253
1460966403
found!!!!!!!!!!!!!!!!!!!
1.94879
1460966403
found!!!!!!!!!!!!!!!!!!!
0.58192
1460966403
found!!!!!!!!!!!!!!!!!!!
0.82872
1460966403
found!!!!!!!!!!!!!!!!!!!
0.42642
1460966403
found!!!!!!!!!!!!!!!!!!!
0.55767
1460966403
found!!!!!!!!!!!!!!!!!!!
0.5291
1460970002
found!!!!!!!!!!!!!!!!!!!
0.25462
1460970002
found!!!!!!!!!!!!!!!!!!!
0.90311
1460970002
found!!!!!!!!!!!!!!!!!!!
0.68821
1460970002
found!!!!!!!!!!!!!!!!!!!
1.94644
1460970002
found!!!!!!!!!!!!!!!!!!!
1.89295
1460970002
found!!!!!!!!!!!!!!!!!!!
0.48202
1460970002
found!!!!!!!!!!!!!!!!!!!
0.68888
1460970002
found!!!!!!!!!!!!!!!!!!!
1.05548
1460970002
found!!!!!!!!!!!!!!!!!!!
0.73241
1460970002
found!!!!!!!!!!!!!!!!!!!
0.48621
1460970002
found!!!!!!!!!!!!!!!!!!!
1.40298
1460970002
found!!!!!!!!!!!!!!!!!!!
0.71387
1460970002
found!!!!!!!!!!!!!!!!!!!
0.34143
1460970002
found!!!!!!!!!!!!!!!!!!!
1.84253
1460970002
found!!!!!!!!!!!!!!!!!!!
1.94879
1460970002
found!!!!!!!!!!!!!!!!!!!
0.58192
1460970002
found!!!!!!!!!!!!!!!!!!!
0.82872
1460970002
found!!!!!!!!!!!!!!!!!!!
0.42642
1460970002
found!!!!!!!!!!!!!!!!!!!
0.55767
1460970002
found!!!!!!!!!!!!!!!!!!!
1.07234
1461376803
found!!!!!!!!!!!!!!!!!!!
1.07234
1461380410
found!!!!!!!!!!!!!!!!!!!
1.07234
1461384001
found!!!!!!!!!!!!!!!!!!!
1.07234
1461387602
found!!!!!!!!!!!!!!!!!!!
1.07234
1461391202
found!!!!!!!!!!!!!!!!!!!
1.07234
1461394802
found!!!!!!!!!!!!!!!!!!!
1.40316
1461834003
found!!!!!!!!!!!!!!!!!!!
1.40316
1461837602
found!!!!!!!!!!!!!!!!!!!
1.40316
1461841203
found!!!!!!!!!!!!!!!!!!!
0.95487
1461985202
found!!!!!!!!!!!!!!!!!!!
1.34454
1461985202
found!!!!!!!!!!!!!!!!!!!
0.79105
1461985202
found!!!!!!!!!!!!!!!!!!!
0.9196
1461985202
found!!!!!!!!!!!!!!!!!!!
0.92247
1461985202
found!!!!!!!!!!!!!!!!!!!
0.5503
1461985202
found!!!!!!!!!!!!!!!!!!!
1.2847
1461985202
found!!!!!!!!!!!!!!!!!!!
0.54835
1461985202
found!!!!!!!!!!!!!!!!!!!
1.27064
1461985202
found!!!!!!!!!!!!!!!!!!!
0.90619
1461985202
found!!!!!!!!!!!!!!!!!!!
0.97742
1461985202
found!!!!!!!!!!!!!!!!!!!
0.77108
1461985202
found!!!!!!!!!!!!!!!!!!!
1.22858
1461985202
found!!!!!!!!!!!!!!!!!!!
0.95487
1461988802
found!!!!!!!!!!!!!!!!!!!
1.34454
1461988802
found!!!!!!!!!!!!!!!!!!!
0.79105
1461988802
found!!!!!!!!!!!!!!!!!!!
0.9196
1461988802
found!!!!!!!!!!!!!!!!!!!
0.92247
1461988802
found!!!!!!!!!!!!!!!!!!!
0.5503
1461988802
found!!!!!!!!!!!!!!!!!!!
1.2847
1461988802
found!!!!!!!!!!!!!!!!!!!
0.54835
1461988802
found!!!!!!!!!!!!!!!!!!!
1.27064
1461988802
found!!!!!!!!!!!!!!!!!!!
0.90619
1461988802
found!!!!!!!!!!!!!!!!!!!
0.97742
1461988802
found!!!!!!!!!!!!!!!!!!!
0.77108
1461988802
found!!!!!!!!!!!!!!!!!!!
1.22858
1461988802
found!!!!!!!!!!!!!!!!!!!
0.95487
1461992402
found!!!!!!!!!!!!!!!!!!!
1.34454
1461992402
found!!!!!!!!!!!!!!!!!!!
0.79105
1461992402
found!!!!!!!!!!!!!!!!!!!
0.9196
1461992402
found!!!!!!!!!!!!!!!!!!!
0.92247
1461992402
found!!!!!!!!!!!!!!!!!!!
0.5503
1461992402
found!!!!!!!!!!!!!!!!!!!
1.2847
1461992402
found!!!!!!!!!!!!!!!!!!!
0.54835
1461992402
found!!!!!!!!!!!!!!!!!!!
1.27064
1461992402
found!!!!!!!!!!!!!!!!!!!
0.90619
1461992402
found!!!!!!!!!!!!!!!!!!!
0.97742
1461992402
found!!!!!!!!!!!!!!!!!!!
0.77108
1461992402
found!!!!!!!!!!!!!!!!!!!
1.22858
1461992402
found!!!!!!!!!!!!!!!!!!!
0.95487
1461996002
found!!!!!!!!!!!!!!!!!!!
1.34454
1461996002
found!!!!!!!!!!!!!!!!!!!
0.79105
1461996002
found!!!!!!!!!!!!!!!!!!!
0.9196
1461996002
found!!!!!!!!!!!!!!!!!!!
0.92247
1461996002
found!!!!!!!!!!!!!!!!!!!
0.5503
1461996002
found!!!!!!!!!!!!!!!!!!!
1.2847
1461996002
found!!!!!!!!!!!!!!!!!!!
0.54835
1461996002
found!!!!!!!!!!!!!!!!!!!
1.27064
1461996002
found!!!!!!!!!!!!!!!!!!!
0.90619
1461996002
found!!!!!!!!!!!!!!!!!!!
0.97742
1461996002
found!!!!!!!!!!!!!!!!!!!
0.77108
1461996002
found!!!!!!!!!!!!!!!!!!!
1.22858
1461996002
found!!!!!!!!!!!!!!!!!!!
0.95487
1461999606
found!!!!!!!!!!!!!!!!!!!
1.34454
1461999606
found!!!!!!!!!!!!!!!!!!!
0.79105
1461999606
found!!!!!!!!!!!!!!!!!!!
0.9196
1461999606
found!!!!!!!!!!!!!!!!!!!
0.92247
1461999606
found!!!!!!!!!!!!!!!!!!!
0.5503
1461999606
found!!!!!!!!!!!!!!!!!!!
1.2847
1461999606
found!!!!!!!!!!!!!!!!!!!
0.54835
1461999606
found!!!!!!!!!!!!!!!!!!!
1.27064
1461999606
found!!!!!!!!!!!!!!!!!!!
0.90619
1461999606
found!!!!!!!!!!!!!!!!!!!
0.97742
1461999606
found!!!!!!!!!!!!!!!!!!!
0.77108
1461999606
found!!!!!!!!!!!!!!!!!!!
1.22858
1461999606
found!!!!!!!!!!!!!!!!!!!
0.95487
1462003202
found!!!!!!!!!!!!!!!!!!!
1.34454
1462003202
found!!!!!!!!!!!!!!!!!!!
0.79105
1462003202
found!!!!!!!!!!!!!!!!!!!
0.9196
1462003202
found!!!!!!!!!!!!!!!!!!!
0.92247
1462003202
found!!!!!!!!!!!!!!!!!!!
0.5503
1462003202
found!!!!!!!!!!!!!!!!!!!
1.2847
1462003202
found!!!!!!!!!!!!!!!!!!!
0.54835
1462003202
found!!!!!!!!!!!!!!!!!!!
1.27064
1462003202
found!!!!!!!!!!!!!!!!!!!
0.90619
1462003202
found!!!!!!!!!!!!!!!!!!!
0.97742
1462003202
found!!!!!!!!!!!!!!!!!!!
0.77108
1462003202
found!!!!!!!!!!!!!!!!!!!
1.22858
1462003202
found!!!!!!!!!!!!!!!!!!!
0.95487
1462006802
found!!!!!!!!!!!!!!!!!!!
1.34454
1462006802
found!!!!!!!!!!!!!!!!!!!
0.79105
1462006802
found!!!!!!!!!!!!!!!!!!!
0.9196
1462006802
found!!!!!!!!!!!!!!!!!!!
0.92247
1462006802
found!!!!!!!!!!!!!!!!!!!
0.5503
1462006802
found!!!!!!!!!!!!!!!!!!!
1.2847
1462006802
found!!!!!!!!!!!!!!!!!!!
0.54835
1462006802
found!!!!!!!!!!!!!!!!!!!
1.27064
1462006802
found!!!!!!!!!!!!!!!!!!!
0.90619
1462006802
found!!!!!!!!!!!!!!!!!!!
0.97742
1462006802
found!!!!!!!!!!!!!!!!!!!
0.77108
1462006802
found!!!!!!!!!!!!!!!!!!!
1.22858
1462006802
found!!!!!!!!!!!!!!!!!!!
0.95487
1462010402
found!!!!!!!!!!!!!!!!!!!
1.34454
1462010402
found!!!!!!!!!!!!!!!!!!!
0.79105
1462010402
found!!!!!!!!!!!!!!!!!!!
0.9196
1462010402
found!!!!!!!!!!!!!!!!!!!
0.92247
1462010402
found!!!!!!!!!!!!!!!!!!!
0.5503
1462010402
found!!!!!!!!!!!!!!!!!!!
1.2847
1462010402
found!!!!!!!!!!!!!!!!!!!
0.54835
1462010402
found!!!!!!!!!!!!!!!!!!!
1.27064
1462010402
found!!!!!!!!!!!!!!!!!!!
0.90619
1462010402
found!!!!!!!!!!!!!!!!!!!
0.97742
1462010402
found!!!!!!!!!!!!!!!!!!!
0.77108
1462010402
found!!!!!!!!!!!!!!!!!!!
1.22858
1462010402
found!!!!!!!!!!!!!!!!!!!
0.95487
1462014002
found!!!!!!!!!!!!!!!!!!!
1.34454
1462014002
found!!!!!!!!!!!!!!!!!!!
0.79105
1462014002
found!!!!!!!!!!!!!!!!!!!
0.9196
1462014002
found!!!!!!!!!!!!!!!!!!!
0.92247
1462014002
found!!!!!!!!!!!!!!!!!!!
0.5503
1462014002
found!!!!!!!!!!!!!!!!!!!
1.2847
1462014002
found!!!!!!!!!!!!!!!!!!!
0.54835
1462014002
found!!!!!!!!!!!!!!!!!!!
1.27064
1462014002
found!!!!!!!!!!!!!!!!!!!
0.90619
1462014002
found!!!!!!!!!!!!!!!!!!!
0.97742
1462014002
found!!!!!!!!!!!!!!!!!!!
0.77108
1462014002
found!!!!!!!!!!!!!!!!!!!
1.22858
1462014002
found!!!!!!!!!!!!!!!!!!!
0.95487
1462017603
found!!!!!!!!!!!!!!!!!!!
1.34454
1462017603
found!!!!!!!!!!!!!!!!!!!
0.79105
1462017603
found!!!!!!!!!!!!!!!!!!!
0.9196
1462017603
found!!!!!!!!!!!!!!!!!!!
0.92247
1462017603
found!!!!!!!!!!!!!!!!!!!
0.5503
1462017603
found!!!!!!!!!!!!!!!!!!!
1.2847
1462017603
found!!!!!!!!!!!!!!!!!!!
0.54835
1462017603
found!!!!!!!!!!!!!!!!!!!
1.27064
1462017603
found!!!!!!!!!!!!!!!!!!!
0.90619
1462017603
found!!!!!!!!!!!!!!!!!!!
0.97742
1462017603
found!!!!!!!!!!!!!!!!!!!
0.77108
1462017603
found!!!!!!!!!!!!!!!!!!!
1.22858
1462017603
